{"numFailedTestSuites":10,"numFailedTests":22,"numPassedTestSuites":1,"numPassedTests":32,"numPendingTestSuites":0,"numPendingTests":0,"numRuntimeErrorTestSuites":7,"numTodoTests":0,"numTotalTestSuites":11,"numTotalTests":54,"openHandles":[],"snapshot":{"added":0,"didUpdate":false,"failure":false,"filesAdded":0,"filesRemoved":0,"filesRemovedList":[],"filesUnmatched":0,"filesUpdated":0,"matched":0,"total":0,"unchecked":0,"uncheckedKeysByFile":[],"unmatched":0,"updated":0},"startTime":1782674037635,"success":false,"testResults":[{"assertionResults":[],"coverage":{},"endTime":1782674042910,"message":"  ● Test suite failed to run\n\n    Jest encountered an unexpected token\n\n    Jest failed to parse a file. This happens e.g. when your code or its dependencies use non-standard JavaScript syntax, or when Jest is not configured to support such syntax.\n\n    Out of the box Jest supports Babel, which will be used to transform your files into valid JS based on your Babel configuration.\n\n    By default \"node_modules\" folder is ignored by transformers.\n\n    Here's what you can do:\n     • If you are trying to use ECMAScript Modules, see https://jestjs.io/docs/ecmascript-modules for how to enable it.\n     • If you are trying to use TypeScript, see https://jestjs.io/docs/getting-started#using-typescript\n     • To have some of your \"node_modules\" files transformed, you can specify a custom \"transformIgnorePatterns\" in your config.\n     • If you need a custom transformation, specify a \"transform\" option in your config.\n     • If you simply want to mock your non-JS modules (e.g. binary assets) you can stub them out with the \"moduleNameMapper\" config option.\n\n    You'll find more details and examples of these config options in the docs:\n    https://jestjs.io/docs/configuration\n    For information about custom transformations, see:\n    https://jestjs.io/docs/code-transformation\n\n    Details:\n\n    SyntaxError: C:\\Users\\Soft\\OneDrive - Faculty Of Engineering (Tanta University)\\Documents\\01_Github_Project\\University\\03_FarahStore\\backend\\tests\\suppliers.test.js: Unexpected token (71:4)\n\n    \u001b[0m \u001b[90m 69 |\u001b[39m       expect(res\u001b[33m.\u001b[39mstatus)\u001b[33m.\u001b[39mtoBe(\u001b[35m400\u001b[39m)\u001b[33m;\u001b[39m\n     \u001b[90m 70 |\u001b[39m       expect(res\u001b[33m.\u001b[39mbody\u001b[33m.\u001b[39merror_code)\u001b[33m.\u001b[39mtoBe(\u001b[32m'LINKED_RECORDS_EXIST'\u001b[39m)\u001b[33m;\u001b[39m\n    \u001b[31m\u001b[1m>\u001b[22m\u001b[39m\u001b[90m 71 |\u001b[39m     })\u001b[33m;\u001b[39m\n     \u001b[90m    |\u001b[39m     \u001b[31m\u001b[1m^\u001b[22m\u001b[39m\n     \u001b[90m 72 |\u001b[39m   })\u001b[33m;\u001b[39m\n     \u001b[90m 73 |\u001b[39m })\u001b[33m;\u001b[39m\n     \u001b[90m 74 |\u001b[39m\u001b[0m\n\n      at constructor (C:\\Users\\Soft\\OneDrive - Faculty Of Engineering (Tanta University)../../../../../../../../Documents/01_Github_Project/University/03_FarahStore/backend/node_modules/@babel/parser/src/parse-error.ts:95:45)\n      at Parser.toParseError [as raise] (C:\\Users\\Soft\\OneDrive - Faculty Of Engineering (Tanta University)../../../../../../../../Documents/01_Github_Project/University/03_FarahStore/backend/node_modules/@babel/parser/src/tokenizer/index.ts:1504:19)\n      at Parser.raise [as unexpected] (C:\\Users\\Soft\\OneDrive - Faculty Of Engineering (Tanta University)../../../../../../../../Documents/01_Github_Project/University/03_FarahStore/backend/node_modules/@babel/parser/src/tokenizer/index.ts:1544:16)\n      at Parser.unexpected [as parseExprAtom] (C:\\Users\\Soft\\OneDrive - Faculty Of Engineering (Tanta University)../../../../../../../../Documents/01_Github_Project/University/03_FarahStore/backend/node_modules/@babel/parser/src/parser/expression.ts:1358:22)\n      at Parser.parseExprAtom [as parseExprSubscripts] (C:\\Users\\Soft\\OneDrive - Faculty Of Engineering (Tanta University)../../../../../../../../Documents/01_Github_Project/University/03_FarahStore/backend/node_modules/@babel/parser/src/parser/expression.ts:742:23)\n      at Parser.parseExprSubscripts [as parseUpdate] (C:\\Users\\Soft\\OneDrive - Faculty Of Engineering (Tanta University)../../../../../../../../Documents/01_Github_Project/University/03_FarahStore/backend/node_modules/@babel/parser/src/parser/expression.ts:721:21)\n      at Parser.parseUpdate [as parseMaybeUnary] (C:\\Users\\Soft\\OneDrive - Faculty Of Engineering (Tanta University)../../../../../../../../Documents/01_Github_Project/University/03_FarahStore/backend/node_modules/@babel/parser/src/parser/expression.ts:683:23)\n      at Parser.parseMaybeUnary [as parseMaybeUnaryOrPrivate] (C:\\Users\\Soft\\OneDrive - Faculty Of Engineering (Tanta University)../../../../../../../../Documents/01_Github_Project/University/03_FarahStore/backend/node_modules/@babel/parser/src/parser/expression.ts:417:14)\n      at Parser.parseMaybeUnaryOrPrivate [as parseExprOps] (C:\\Users\\Soft\\OneDrive - Faculty Of Engineering (Tanta University)../../../../../../../../Documents/01_Github_Project/University/03_FarahStore/backend/node_modules/@babel/parser/src/parser/expression.ts:429:23)\n      at Parser.parseExprOps [as parseMaybeConditional] (C:\\Users\\Soft\\OneDrive - Faculty Of Engineering (Tanta University)../../../../../../../../Documents/01_Github_Project/University/03_FarahStore/backend/node_modules/@babel/parser/src/parser/expression.ts:384:23)\n      at Parser.parseMaybeConditional [as parseMaybeAssign] (C:\\Users\\Soft\\OneDrive - Faculty Of Engineering (Tanta University)../../../../../../../../Documents/01_Github_Project/University/03_FarahStore/backend/node_modules/@babel/parser/src/parser/expression.ts:301:21)\n      at Parser.parseMaybeAssign [as parseExpressionBase] (C:\\Users\\Soft\\OneDrive - Faculty Of Engineering (Tanta University)../../../../../../../../Documents/01_Github_Project/University/03_FarahStore/backend/node_modules/@babel/parser/src/parser/expression.ts:226:23)\n      at parseExpressionBase (C:\\Users\\Soft\\OneDrive - Faculty Of Engineering (Tanta University)../../../../../../../../Documents/01_Github_Project/University/03_FarahStore/backend/node_modules/@babel/parser/src/parser/expression.ts:217:39)\n      at Parser.callback [as allowInAnd] (C:\\Users\\Soft\\OneDrive - Faculty Of Engineering (Tanta University)../../../../../../../../Documents/01_Github_Project/University/03_FarahStore/backend/node_modules/@babel/parser/src/parser/expression.ts:3192:16)\n      at Parser.allowInAnd [as parseExpression] (C:\\Users\\Soft\\OneDrive - Faculty Of Engineering (Tanta University)../../../../../../../../Documents/01_Github_Project/University/03_FarahStore/backend/node_modules/@babel/parser/src/parser/expression.ts:217:17)\n      at Parser.parseExpression [as parseStatementContent] (C:\\Users\\Soft\\OneDrive - Faculty Of Engineering (Tanta University)../../../../../../../../Documents/01_Github_Project/University/03_FarahStore/backend/node_modules/@babel/parser/src/parser/statement.ts:688:23)\n      at Parser.parseStatementContent [as parseStatementLike] (C:\\Users\\Soft\\OneDrive - Faculty Of Engineering (Tanta University)../../../../../../../../Documents/01_Github_Project/University/03_FarahStore/backend/node_modules/@babel/parser/src/parser/statement.ts:482:17)\n      at Parser.parseStatementLike [as parseModuleItem] (C:\\Users\\Soft\\OneDrive - Faculty Of Engineering (Tanta University)../../../../../../../../Documents/01_Github_Project/University/03_FarahStore/backend/node_modules/@babel/parser/src/parser/statement.ts:419:17)\n      at Parser.parseModuleItem [as parseBlockOrModuleBlockBody] (C:\\Users\\Soft\\OneDrive - Faculty Of Engineering (Tanta University)../../../../../../../../Documents/01_Github_Project/University/03_FarahStore/backend/node_modules/@babel/parser/src/parser/statement.ts:1443:16)\n      at Parser.parseBlockOrModuleBlockBody [as parseBlockBody] (C:\\Users\\Soft\\OneDrive - Faculty Of Engineering (Tanta University)../../../../../../../../Documents/01_Github_Project/University/03_FarahStore/backend/node_modules/@babel/parser/src/parser/statement.ts:1417:10)\n      at Parser.parseBlockBody [as parseProgram] (C:\\Users\\Soft\\OneDrive - Faculty Of Engineering (Tanta University)../../../../../../../../Documents/01_Github_Project/University/03_FarahStore/backend/node_modules/@babel/parser/src/parser/statement.ts:229:10)\n      at Parser.parseProgram [as parseTopLevel] (C:\\Users\\Soft\\OneDrive - Faculty Of Engineering (Tanta University)../../../../../../../../Documents/01_Github_Project/University/03_FarahStore/backend/node_modules/@babel/parser/src/parser/statement.ts:203:25)\n      at Parser.parseTopLevel [as parse] (C:\\Users\\Soft\\OneDrive - Faculty Of Engineering (Tanta University)../../../../../../../../Documents/01_Github_Project/University/03_FarahStore/backend/node_modules/@babel/parser/src/parser/index.ts:83:25)\n      at parse (C:\\Users\\Soft\\OneDrive - Faculty Of Engineering (Tanta University)../../../../../../../../Documents/01_Github_Project/University/03_FarahStore/backend/node_modules/@babel/parser/src/index.ts:86:38)\n      at parser (C:\\Users\\Soft\\OneDrive - Faculty Of Engineering (Tanta University)../../../../../../../../Documents/01_Github_Project/University/03_FarahStore/backend/node_modules/@babel/core/src/parser/index.ts:29:19)\n          at parser.next (<anonymous>)\n      at normalizeFile (C:\\Users\\Soft\\OneDrive - Faculty Of Engineering (Tanta University)../../../../../../../../Documents/01_Github_Project/University/03_FarahStore/backend/node_modules/@babel/core/src/transformation/normalize-file.ts:49:24)\n          at normalizeFile.next (<anonymous>)\n      at run (C:\\Users\\Soft\\OneDrive - Faculty Of Engineering (Tanta University)../../../../../../../../Documents/01_Github_Project/University/03_FarahStore/backend/node_modules/@babel/core/src/transformation/index.ts:41:36)\n          at run.next (<anonymous>)\n      at transform (C:\\Users\\Soft\\OneDrive - Faculty Of Engineering (Tanta University)../../../../../../../../Documents/01_Github_Project/University/03_FarahStore/backend/node_modules/@babel/core/src/transform.ts:29:20)\n          at transform.next (<anonymous>)\n      at evaluateSync (C:\\Users\\Soft\\OneDrive - Faculty Of Engineering (Tanta University)../../../../../../../../Documents/01_Github_Project/University/03_FarahStore/backend/node_modules/gensync/index.js:251:28)\n      at sync (C:\\Users\\Soft\\OneDrive - Faculty Of Engineering (Tanta University)../../../../../../../../Documents/01_Github_Project/University/03_FarahStore/backend/node_modules/gensync/index.js:89:14)\n      at fn (C:\\Users\\Soft\\OneDrive - Faculty Of Engineering (Tanta University)../../../../../../../../Documents/01_Github_Project/University/03_FarahStore/backend/node_modules/@babel/core/src/errors/rewrite-stack-trace.ts:99:14)\n      at transformSync (C:\\Users\\Soft\\OneDrive - Faculty Of Engineering (Tanta University)../../../../../../../../Documents/01_Github_Project/University/03_FarahStore/backend/node_modules/@babel/core/src/transform.ts:66:52)\n      at ScriptTransformer.transformSource (C:\\Users\\Soft\\OneDrive - Faculty Of Engineering (Tanta University)../../../../../../../../Documents/01_Github_Project/University/03_FarahStore/backend/node_modules/@jest/transform/build/index.js:415:31)\n      at ScriptTransformer._transformAndBuildScript (C:\\Users\\Soft\\OneDrive - Faculty Of Engineering (Tanta University)../../../../../../../../Documents/01_Github_Project/University/03_FarahStore/backend/node_modules/@jest/transform/build/index.js:512:40)\n      at ScriptTransformer.transform (C:\\Users\\Soft\\OneDrive - Faculty Of Engineering (Tanta University)../../../../../../../../Documents/01_Github_Project/University/03_FarahStore/backend/node_modules/@jest/transform/build/index.js:551:19)\n","name":"C:\\Users\\Soft\\OneDrive - Faculty Of Engineering (Tanta University)\\Documents\\01_Github_Project\\University\\03_FarahStore\\backend\\tests\\suppliers.test.js","startTime":1782674042910,"status":"failed","summary":""},{"assertionResults":[{"ancestorTitles":["Restock & WAC"],"duration":6,"failing":false,"failureDetails":[{}],"failureMessages":["ReferenceError: db is not defined\n    at cleanupDatabase (C:\\Users\\Soft\\OneDrive - Faculty Of Engineering (Tanta University)\\Documents\\01_Github_Project\\University\\03_FarahStore\\backend\\tests\\system_e2e.test.js:8:3)\n    at Object.cleanupDatabase (C:\\Users\\Soft\\OneDrive - Faculty Of Engineering (Tanta University)\\Documents\\01_Github_Project\\University\\03_FarahStore\\backend\\tests\\system_e2e.test.js:18:9)\n    at Promise.finally.completed (C:\\Users\\Soft\\OneDrive - Faculty Of Engineering (Tanta University)\\Documents\\01_Github_Project\\University\\03_FarahStore\\backend\\node_modules\\jest-circus\\build\\jestAdapterInit.js:1561:28)\n    at new Promise (<anonymous>)\n    at callAsyncCircusFn (C:\\Users\\Soft\\OneDrive - Faculty Of Engineering (Tanta University)\\Documents\\01_Github_Project\\University\\03_FarahStore\\backend\\node_modules\\jest-circus\\build\\jestAdapterInit.js:1501:10)\n    at _callCircusHook (C:\\Users\\Soft\\OneDrive - Faculty Of Engineering (Tanta University)\\Documents\\01_Github_Project\\University\\03_FarahStore\\backend\\node_modules\\jest-circus\\build\\jestAdapterInit.js:980:40)\n    at processTicksAndRejections (node:internal/process/task_queues:95:5)\n    at _runTestsForDescribeBlock (C:\\Users\\Soft\\OneDrive - Faculty Of Engineering (Tanta University)\\Documents\\01_Github_Project\\University\\03_FarahStore\\backend\\node_modules\\jest-circus\\build\\jestAdapterInit.js:804:7)\n    at run (C:\\Users\\Soft\\OneDrive - Faculty Of Engineering (Tanta University)\\Documents\\01_Github_Project\\University\\03_FarahStore\\backend\\node_modules\\jest-circus\\build\\jestAdapterInit.js:765:3)\n    at runAndTransformResultsToJestFormat (C:\\Users\\Soft\\OneDrive - Faculty Of Engineering (Tanta University)\\Documents\\01_Github_Project\\University\\03_FarahStore\\backend\\node_modules\\jest-circus\\build\\jestAdapterInit.js:1993:21)\n    at jestAdapter (C:\\Users\\Soft\\OneDrive - Faculty Of Engineering (Tanta University)\\Documents\\01_Github_Project\\University\\03_FarahStore\\backend\\node_modules\\jest-circus\\build\\runner.js:111:19)\n    at runTestInternal (C:\\Users\\Soft\\OneDrive - Faculty Of Engineering (Tanta University)\\Documents\\01_Github_Project\\University\\03_FarahStore\\backend\\node_modules\\jest-runner\\build\\testWorker.js:276:16)\n    at runTest (C:\\Users\\Soft\\OneDrive - Faculty Of Engineering (Tanta University)\\Documents\\01_Github_Project\\University\\03_FarahStore\\backend\\node_modules\\jest-runner\\build\\testWorker.js:344:7)\n    at Object.worker (C:\\Users\\Soft\\OneDrive - Faculty Of Engineering (Tanta University)\\Documents\\01_Github_Project\\University\\03_FarahStore\\backend\\node_modules\\jest-runner\\build\\testWorker.js:498:12)"],"fullName":"Restock & WAC should correctly calculate Weighted Average Cost and update stock upon restock","invocations":1,"location":null,"numPassingAsserts":0,"retryReasons":[],"startAt":1782674040665,"status":"failed","title":"should correctly calculate Weighted Average Cost and update stock upon restock"},{"ancestorTitles":["Cash Orders & Dashboard Stats"],"duration":1,"failing":false,"failureDetails":[{}],"failureMessages":["ReferenceError: db is not defined\n    at cleanupDatabase (C:\\Users\\Soft\\OneDrive - Faculty Of Engineering (Tanta University)\\Documents\\01_Github_Project\\University\\03_FarahStore\\backend\\tests\\system_e2e.test.js:8:3)\n    at Object.cleanupDatabase (C:\\Users\\Soft\\OneDrive - Faculty Of Engineering (Tanta University)\\Documents\\01_Github_Project\\University\\03_FarahStore\\backend\\tests\\system_e2e.test.js:18:9)\n    at Promise.finally.completed (C:\\Users\\Soft\\OneDrive - Faculty Of Engineering (Tanta University)\\Documents\\01_Github_Project\\University\\03_FarahStore\\backend\\node_modules\\jest-circus\\build\\jestAdapterInit.js:1561:28)\n    at new Promise (<anonymous>)\n    at callAsyncCircusFn (C:\\Users\\Soft\\OneDrive - Faculty Of Engineering (Tanta University)\\Documents\\01_Github_Project\\University\\03_FarahStore\\backend\\node_modules\\jest-circus\\build\\jestAdapterInit.js:1501:10)\n    at _callCircusHook (C:\\Users\\Soft\\OneDrive - Faculty Of Engineering (Tanta University)\\Documents\\01_Github_Project\\University\\03_FarahStore\\backend\\node_modules\\jest-circus\\build\\jestAdapterInit.js:980:40)\n    at processTicksAndRejections (node:internal/process/task_queues:95:5)\n    at _runTestsForDescribeBlock (C:\\Users\\Soft\\OneDrive - Faculty Of Engineering (Tanta University)\\Documents\\01_Github_Project\\University\\03_FarahStore\\backend\\node_modules\\jest-circus\\build\\jestAdapterInit.js:804:7)\n    at run (C:\\Users\\Soft\\OneDrive - Faculty Of Engineering (Tanta University)\\Documents\\01_Github_Project\\University\\03_FarahStore\\backend\\node_modules\\jest-circus\\build\\jestAdapterInit.js:765:3)\n    at runAndTransformResultsToJestFormat (C:\\Users\\Soft\\OneDrive - Faculty Of Engineering (Tanta University)\\Documents\\01_Github_Project\\University\\03_FarahStore\\backend\\node_modules\\jest-circus\\build\\jestAdapterInit.js:1993:21)\n    at jestAdapter (C:\\Users\\Soft\\OneDrive - Faculty Of Engineering (Tanta University)\\Documents\\01_Github_Project\\University\\03_FarahStore\\backend\\node_modules\\jest-circus\\build\\runner.js:111:19)\n    at runTestInternal (C:\\Users\\Soft\\OneDrive - Faculty Of Engineering (Tanta University)\\Documents\\01_Github_Project\\University\\03_FarahStore\\backend\\node_modules\\jest-runner\\build\\testWorker.js:276:16)\n    at runTest (C:\\Users\\Soft\\OneDrive - Faculty Of Engineering (Tanta University)\\Documents\\01_Github_Project\\University\\03_FarahStore\\backend\\node_modules\\jest-runner\\build\\testWorker.js:344:7)\n    at Object.worker (C:\\Users\\Soft\\OneDrive - Faculty Of Engineering (Tanta University)\\Documents\\01_Github_Project\\University\\03_FarahStore\\backend\\node_modules\\jest-runner\\build\\testWorker.js:498:12)"],"fullName":"Cash Orders & Dashboard Stats should create a cash order, decrement stock, and update dashboard delta","invocations":1,"location":null,"numPassingAsserts":0,"retryReasons":[],"startAt":1782674040714,"status":"failed","title":"should create a cash order, decrement stock, and update dashboard delta"},{"ancestorTitles":["Installments Lifecycle"],"duration":0,"failing":false,"failureDetails":[{}],"failureMessages":["ReferenceError: db is not defined\n    at cleanupDatabase (C:\\Users\\Soft\\OneDrive - Faculty Of Engineering (Tanta University)\\Documents\\01_Github_Project\\University\\03_FarahStore\\backend\\tests\\system_e2e.test.js:8:3)\n    at Object.cleanupDatabase (C:\\Users\\Soft\\OneDrive - Faculty Of Engineering (Tanta University)\\Documents\\01_Github_Project\\University\\03_FarahStore\\backend\\tests\\system_e2e.test.js:18:9)\n    at Promise.finally.completed (C:\\Users\\Soft\\OneDrive - Faculty Of Engineering (Tanta University)\\Documents\\01_Github_Project\\University\\03_FarahStore\\backend\\node_modules\\jest-circus\\build\\jestAdapterInit.js:1561:28)\n    at new Promise (<anonymous>)\n    at callAsyncCircusFn (C:\\Users\\Soft\\OneDrive - Faculty Of Engineering (Tanta University)\\Documents\\01_Github_Project\\University\\03_FarahStore\\backend\\node_modules\\jest-circus\\build\\jestAdapterInit.js:1501:10)\n    at _callCircusHook (C:\\Users\\Soft\\OneDrive - Faculty Of Engineering (Tanta University)\\Documents\\01_Github_Project\\University\\03_FarahStore\\backend\\node_modules\\jest-circus\\build\\jestAdapterInit.js:980:40)\n    at processTicksAndRejections (node:internal/process/task_queues:95:5)\n    at _runTestsForDescribeBlock (C:\\Users\\Soft\\OneDrive - Faculty Of Engineering (Tanta University)\\Documents\\01_Github_Project\\University\\03_FarahStore\\backend\\node_modules\\jest-circus\\build\\jestAdapterInit.js:804:7)\n    at run (C:\\Users\\Soft\\OneDrive - Faculty Of Engineering (Tanta University)\\Documents\\01_Github_Project\\University\\03_FarahStore\\backend\\node_modules\\jest-circus\\build\\jestAdapterInit.js:765:3)\n    at runAndTransformResultsToJestFormat (C:\\Users\\Soft\\OneDrive - Faculty Of Engineering (Tanta University)\\Documents\\01_Github_Project\\University\\03_FarahStore\\backend\\node_modules\\jest-circus\\build\\jestAdapterInit.js:1993:21)\n    at jestAdapter (C:\\Users\\Soft\\OneDrive - Faculty Of Engineering (Tanta University)\\Documents\\01_Github_Project\\University\\03_FarahStore\\backend\\node_modules\\jest-circus\\build\\runner.js:111:19)\n    at runTestInternal (C:\\Users\\Soft\\OneDrive - Faculty Of Engineering (Tanta University)\\Documents\\01_Github_Project\\University\\03_FarahStore\\backend\\node_modules\\jest-runner\\build\\testWorker.js:276:16)\n    at runTest (C:\\Users\\Soft\\OneDrive - Faculty Of Engineering (Tanta University)\\Documents\\01_Github_Project\\University\\03_FarahStore\\backend\\node_modules\\jest-runner\\build\\testWorker.js:344:7)\n    at Object.worker (C:\\Users\\Soft\\OneDrive - Faculty Of Engineering (Tanta University)\\Documents\\01_Github_Project\\University\\03_FarahStore\\backend\\node_modules\\jest-runner\\build\\testWorker.js:498:12)"],"fullName":"Installments Lifecycle should handle installment creation, remaining balance reductions, and auto-completion","invocations":1,"location":null,"numPassingAsserts":0,"retryReasons":[],"startAt":1782674040715,"status":"failed","title":"should handle installment creation, remaining balance reductions, and auto-completion"},{"ancestorTitles":["Mixed Cart Checkout"],"duration":0,"failing":false,"failureDetails":[{}],"failureMessages":["ReferenceError: db is not defined\n    at cleanupDatabase (C:\\Users\\Soft\\OneDrive - Faculty Of Engineering (Tanta University)\\Documents\\01_Github_Project\\University\\03_FarahStore\\backend\\tests\\system_e2e.test.js:8:3)\n    at Object.cleanupDatabase (C:\\Users\\Soft\\OneDrive - Faculty Of Engineering (Tanta University)\\Documents\\01_Github_Project\\University\\03_FarahStore\\backend\\tests\\system_e2e.test.js:18:9)\n    at Promise.finally.completed (C:\\Users\\Soft\\OneDrive - Faculty Of Engineering (Tanta University)\\Documents\\01_Github_Project\\University\\03_FarahStore\\backend\\node_modules\\jest-circus\\build\\jestAdapterInit.js:1561:28)\n    at new Promise (<anonymous>)\n    at callAsyncCircusFn (C:\\Users\\Soft\\OneDrive - Faculty Of Engineering (Tanta University)\\Documents\\01_Github_Project\\University\\03_FarahStore\\backend\\node_modules\\jest-circus\\build\\jestAdapterInit.js:1501:10)\n    at _callCircusHook (C:\\Users\\Soft\\OneDrive - Faculty Of Engineering (Tanta University)\\Documents\\01_Github_Project\\University\\03_FarahStore\\backend\\node_modules\\jest-circus\\build\\jestAdapterInit.js:980:40)\n    at processTicksAndRejections (node:internal/process/task_queues:95:5)\n    at _runTestsForDescribeBlock (C:\\Users\\Soft\\OneDrive - Faculty Of Engineering (Tanta University)\\Documents\\01_Github_Project\\University\\03_FarahStore\\backend\\node_modules\\jest-circus\\build\\jestAdapterInit.js:804:7)\n    at run (C:\\Users\\Soft\\OneDrive - Faculty Of Engineering (Tanta University)\\Documents\\01_Github_Project\\University\\03_FarahStore\\backend\\node_modules\\jest-circus\\build\\jestAdapterInit.js:765:3)\n    at runAndTransformResultsToJestFormat (C:\\Users\\Soft\\OneDrive - Faculty Of Engineering (Tanta University)\\Documents\\01_Github_Project\\University\\03_FarahStore\\backend\\node_modules\\jest-circus\\build\\jestAdapterInit.js:1993:21)\n    at jestAdapter (C:\\Users\\Soft\\OneDrive - Faculty Of Engineering (Tanta University)\\Documents\\01_Github_Project\\University\\03_FarahStore\\backend\\node_modules\\jest-circus\\build\\runner.js:111:19)\n    at runTestInternal (C:\\Users\\Soft\\OneDrive - Faculty Of Engineering (Tanta University)\\Documents\\01_Github_Project\\University\\03_FarahStore\\backend\\node_modules\\jest-runner\\build\\testWorker.js:276:16)\n    at runTest (C:\\Users\\Soft\\OneDrive - Faculty Of Engineering (Tanta University)\\Documents\\01_Github_Project\\University\\03_FarahStore\\backend\\node_modules\\jest-runner\\build\\testWorker.js:344:7)\n    at Object.worker (C:\\Users\\Soft\\OneDrive - Faculty Of Engineering (Tanta University)\\Documents\\01_Github_Project\\University\\03_FarahStore\\backend\\node_modules\\jest-runner\\build\\testWorker.js:498:12)"],"fullName":"Mixed Cart Checkout should correctly handle multiple different products in one cart","invocations":1,"location":null,"numPassingAsserts":0,"retryReasons":[],"startAt":1782674040716,"status":"failed","title":"should correctly handle multiple different products in one cart"},{"ancestorTitles":["Soft Delete Constraints"],"duration":1,"failing":false,"failureDetails":[{}],"failureMessages":["ReferenceError: db is not defined\n    at cleanupDatabase (C:\\Users\\Soft\\OneDrive - Faculty Of Engineering (Tanta University)\\Documents\\01_Github_Project\\University\\03_FarahStore\\backend\\tests\\system_e2e.test.js:8:3)\n    at Object.cleanupDatabase (C:\\Users\\Soft\\OneDrive - Faculty Of Engineering (Tanta University)\\Documents\\01_Github_Project\\University\\03_FarahStore\\backend\\tests\\system_e2e.test.js:18:9)\n    at Promise.finally.completed (C:\\Users\\Soft\\OneDrive - Faculty Of Engineering (Tanta University)\\Documents\\01_Github_Project\\University\\03_FarahStore\\backend\\node_modules\\jest-circus\\build\\jestAdapterInit.js:1561:28)\n    at new Promise (<anonymous>)\n    at callAsyncCircusFn (C:\\Users\\Soft\\OneDrive - Faculty Of Engineering (Tanta University)\\Documents\\01_Github_Project\\University\\03_FarahStore\\backend\\node_modules\\jest-circus\\build\\jestAdapterInit.js:1501:10)\n    at _callCircusHook (C:\\Users\\Soft\\OneDrive - Faculty Of Engineering (Tanta University)\\Documents\\01_Github_Project\\University\\03_FarahStore\\backend\\node_modules\\jest-circus\\build\\jestAdapterInit.js:980:40)\n    at processTicksAndRejections (node:internal/process/task_queues:95:5)\n    at _runTestsForDescribeBlock (C:\\Users\\Soft\\OneDrive - Faculty Of Engineering (Tanta University)\\Documents\\01_Github_Project\\University\\03_FarahStore\\backend\\node_modules\\jest-circus\\build\\jestAdapterInit.js:804:7)\n    at run (C:\\Users\\Soft\\OneDrive - Faculty Of Engineering (Tanta University)\\Documents\\01_Github_Project\\University\\03_FarahStore\\backend\\node_modules\\jest-circus\\build\\jestAdapterInit.js:765:3)\n    at runAndTransformResultsToJestFormat (C:\\Users\\Soft\\OneDrive - Faculty Of Engineering (Tanta University)\\Documents\\01_Github_Project\\University\\03_FarahStore\\backend\\node_modules\\jest-circus\\build\\jestAdapterInit.js:1993:21)\n    at jestAdapter (C:\\Users\\Soft\\OneDrive - Faculty Of Engineering (Tanta University)\\Documents\\01_Github_Project\\University\\03_FarahStore\\backend\\node_modules\\jest-circus\\build\\runner.js:111:19)\n    at runTestInternal (C:\\Users\\Soft\\OneDrive - Faculty Of Engineering (Tanta University)\\Documents\\01_Github_Project\\University\\03_FarahStore\\backend\\node_modules\\jest-runner\\build\\testWorker.js:276:16)\n    at runTest (C:\\Users\\Soft\\OneDrive - Faculty Of Engineering (Tanta University)\\Documents\\01_Github_Project\\University\\03_FarahStore\\backend\\node_modules\\jest-runner\\build\\testWorker.js:344:7)\n    at Object.worker (C:\\Users\\Soft\\OneDrive - Faculty Of Engineering (Tanta University)\\Documents\\01_Github_Project\\University\\03_FarahStore\\backend\\node_modules\\jest-runner\\build\\testWorker.js:498:12)"],"fullName":"Soft Delete Constraints should prevent orders for deleted products","invocations":1,"location":null,"numPassingAsserts":0,"retryReasons":[],"startAt":1782674040716,"status":"failed","title":"should prevent orders for deleted products"},{"ancestorTitles":["Validation Edge Cases & DB Atomicity (Rollbacks)"],"duration":0,"failing":false,"failureDetails":[{}],"failureMessages":["ReferenceError: db is not defined\n    at cleanupDatabase (C:\\Users\\Soft\\OneDrive - Faculty Of Engineering (Tanta University)\\Documents\\01_Github_Project\\University\\03_FarahStore\\backend\\tests\\system_e2e.test.js:8:3)\n    at Object.cleanupDatabase (C:\\Users\\Soft\\OneDrive - Faculty Of Engineering (Tanta University)\\Documents\\01_Github_Project\\University\\03_FarahStore\\backend\\tests\\system_e2e.test.js:18:9)\n    at Promise.finally.completed (C:\\Users\\Soft\\OneDrive - Faculty Of Engineering (Tanta University)\\Documents\\01_Github_Project\\University\\03_FarahStore\\backend\\node_modules\\jest-circus\\build\\jestAdapterInit.js:1561:28)\n    at new Promise (<anonymous>)\n    at callAsyncCircusFn (C:\\Users\\Soft\\OneDrive - Faculty Of Engineering (Tanta University)\\Documents\\01_Github_Project\\University\\03_FarahStore\\backend\\node_modules\\jest-circus\\build\\jestAdapterInit.js:1501:10)\n    at _callCircusHook (C:\\Users\\Soft\\OneDrive - Faculty Of Engineering (Tanta University)\\Documents\\01_Github_Project\\University\\03_FarahStore\\backend\\node_modules\\jest-circus\\build\\jestAdapterInit.js:980:40)\n    at processTicksAndRejections (node:internal/process/task_queues:95:5)\n    at _runTestsForDescribeBlock (C:\\Users\\Soft\\OneDrive - Faculty Of Engineering (Tanta University)\\Documents\\01_Github_Project\\University\\03_FarahStore\\backend\\node_modules\\jest-circus\\build\\jestAdapterInit.js:804:7)\n    at run (C:\\Users\\Soft\\OneDrive - Faculty Of Engineering (Tanta University)\\Documents\\01_Github_Project\\University\\03_FarahStore\\backend\\node_modules\\jest-circus\\build\\jestAdapterInit.js:765:3)\n    at runAndTransformResultsToJestFormat (C:\\Users\\Soft\\OneDrive - Faculty Of Engineering (Tanta University)\\Documents\\01_Github_Project\\University\\03_FarahStore\\backend\\node_modules\\jest-circus\\build\\jestAdapterInit.js:1993:21)\n    at jestAdapter (C:\\Users\\Soft\\OneDrive - Faculty Of Engineering (Tanta University)\\Documents\\01_Github_Project\\University\\03_FarahStore\\backend\\node_modules\\jest-circus\\build\\runner.js:111:19)\n    at runTestInternal (C:\\Users\\Soft\\OneDrive - Faculty Of Engineering (Tanta University)\\Documents\\01_Github_Project\\University\\03_FarahStore\\backend\\node_modules\\jest-runner\\build\\testWorker.js:276:16)\n    at runTest (C:\\Users\\Soft\\OneDrive - Faculty Of Engineering (Tanta University)\\Documents\\01_Github_Project\\University\\03_FarahStore\\backend\\node_modules\\jest-runner\\build\\testWorker.js:344:7)\n    at Object.worker (C:\\Users\\Soft\\OneDrive - Faculty Of Engineering (Tanta University)\\Documents\\01_Github_Project\\University\\03_FarahStore\\backend\\node_modules\\jest-runner\\build\\testWorker.js:498:12)"],"fullName":"Validation Edge Cases & DB Atomicity (Rollbacks) should completely rollback when attempting to buy out-of-stock items","invocations":1,"location":null,"numPassingAsserts":0,"retryReasons":[],"startAt":1782674040717,"status":"failed","title":"should completely rollback when attempting to buy out-of-stock items"},{"ancestorTitles":["Validation Edge Cases & DB Atomicity (Rollbacks)"],"duration":0,"failing":false,"failureDetails":[{}],"failureMessages":["ReferenceError: db is not defined\n    at cleanupDatabase (C:\\Users\\Soft\\OneDrive - Faculty Of Engineering (Tanta University)\\Documents\\01_Github_Project\\University\\03_FarahStore\\backend\\tests\\system_e2e.test.js:8:3)\n    at Object.cleanupDatabase (C:\\Users\\Soft\\OneDrive - Faculty Of Engineering (Tanta University)\\Documents\\01_Github_Project\\University\\03_FarahStore\\backend\\tests\\system_e2e.test.js:18:9)\n    at Promise.finally.completed (C:\\Users\\Soft\\OneDrive - Faculty Of Engineering (Tanta University)\\Documents\\01_Github_Project\\University\\03_FarahStore\\backend\\node_modules\\jest-circus\\build\\jestAdapterInit.js:1561:28)\n    at new Promise (<anonymous>)\n    at callAsyncCircusFn (C:\\Users\\Soft\\OneDrive - Faculty Of Engineering (Tanta University)\\Documents\\01_Github_Project\\University\\03_FarahStore\\backend\\node_modules\\jest-circus\\build\\jestAdapterInit.js:1501:10)\n    at _callCircusHook (C:\\Users\\Soft\\OneDrive - Faculty Of Engineering (Tanta University)\\Documents\\01_Github_Project\\University\\03_FarahStore\\backend\\node_modules\\jest-circus\\build\\jestAdapterInit.js:980:40)\n    at processTicksAndRejections (node:internal/process/task_queues:95:5)\n    at _runTestsForDescribeBlock (C:\\Users\\Soft\\OneDrive - Faculty Of Engineering (Tanta University)\\Documents\\01_Github_Project\\University\\03_FarahStore\\backend\\node_modules\\jest-circus\\build\\jestAdapterInit.js:804:7)\n    at run (C:\\Users\\Soft\\OneDrive - Faculty Of Engineering (Tanta University)\\Documents\\01_Github_Project\\University\\03_FarahStore\\backend\\node_modules\\jest-circus\\build\\jestAdapterInit.js:765:3)\n    at runAndTransformResultsToJestFormat (C:\\Users\\Soft\\OneDrive - Faculty Of Engineering (Tanta University)\\Documents\\01_Github_Project\\University\\03_FarahStore\\backend\\node_modules\\jest-circus\\build\\jestAdapterInit.js:1993:21)\n    at jestAdapter (C:\\Users\\Soft\\OneDrive - Faculty Of Engineering (Tanta University)\\Documents\\01_Github_Project\\University\\03_FarahStore\\backend\\node_modules\\jest-circus\\build\\runner.js:111:19)\n    at runTestInternal (C:\\Users\\Soft\\OneDrive - Faculty Of Engineering (Tanta University)\\Documents\\01_Github_Project\\University\\03_FarahStore\\backend\\node_modules\\jest-runner\\build\\testWorker.js:276:16)\n    at runTest (C:\\Users\\Soft\\OneDrive - Faculty Of Engineering (Tanta University)\\Documents\\01_Github_Project\\University\\03_FarahStore\\backend\\node_modules\\jest-runner\\build\\testWorker.js:344:7)\n    at Object.worker (C:\\Users\\Soft\\OneDrive - Faculty Of Engineering (Tanta University)\\Documents\\01_Github_Project\\University\\03_FarahStore\\backend\\node_modules\\jest-runner\\build\\testWorker.js:498:12)"],"fullName":"Validation Edge Cases & DB Atomicity (Rollbacks) should reject decimal quantities and negative quantities","invocations":1,"location":null,"numPassingAsserts":0,"retryReasons":[],"startAt":1782674040718,"status":"failed","title":"should reject decimal quantities and negative quantities"},{"ancestorTitles":["Validation Edge Cases & DB Atomicity (Rollbacks)"],"duration":1,"failing":false,"failureDetails":[{}],"failureMessages":["ReferenceError: db is not defined\n    at cleanupDatabase (C:\\Users\\Soft\\OneDrive - Faculty Of Engineering (Tanta University)\\Documents\\01_Github_Project\\University\\03_FarahStore\\backend\\tests\\system_e2e.test.js:8:3)\n    at Object.cleanupDatabase (C:\\Users\\Soft\\OneDrive - Faculty Of Engineering (Tanta University)\\Documents\\01_Github_Project\\University\\03_FarahStore\\backend\\tests\\system_e2e.test.js:18:9)\n    at Promise.finally.completed (C:\\Users\\Soft\\OneDrive - Faculty Of Engineering (Tanta University)\\Documents\\01_Github_Project\\University\\03_FarahStore\\backend\\node_modules\\jest-circus\\build\\jestAdapterInit.js:1561:28)\n    at new Promise (<anonymous>)\n    at callAsyncCircusFn (C:\\Users\\Soft\\OneDrive - Faculty Of Engineering (Tanta University)\\Documents\\01_Github_Project\\University\\03_FarahStore\\backend\\node_modules\\jest-circus\\build\\jestAdapterInit.js:1501:10)\n    at _callCircusHook (C:\\Users\\Soft\\OneDrive - Faculty Of Engineering (Tanta University)\\Documents\\01_Github_Project\\University\\03_FarahStore\\backend\\node_modules\\jest-circus\\build\\jestAdapterInit.js:980:40)\n    at processTicksAndRejections (node:internal/process/task_queues:95:5)\n    at _runTestsForDescribeBlock (C:\\Users\\Soft\\OneDrive - Faculty Of Engineering (Tanta University)\\Documents\\01_Github_Project\\University\\03_FarahStore\\backend\\node_modules\\jest-circus\\build\\jestAdapterInit.js:804:7)\n    at run (C:\\Users\\Soft\\OneDrive - Faculty Of Engineering (Tanta University)\\Documents\\01_Github_Project\\University\\03_FarahStore\\backend\\node_modules\\jest-circus\\build\\jestAdapterInit.js:765:3)\n    at runAndTransformResultsToJestFormat (C:\\Users\\Soft\\OneDrive - Faculty Of Engineering (Tanta University)\\Documents\\01_Github_Project\\University\\03_FarahStore\\backend\\node_modules\\jest-circus\\build\\jestAdapterInit.js:1993:21)\n    at jestAdapter (C:\\Users\\Soft\\OneDrive - Faculty Of Engineering (Tanta University)\\Documents\\01_Github_Project\\University\\03_FarahStore\\backend\\node_modules\\jest-circus\\build\\runner.js:111:19)\n    at runTestInternal (C:\\Users\\Soft\\OneDrive - Faculty Of Engineering (Tanta University)\\Documents\\01_Github_Project\\University\\03_FarahStore\\backend\\node_modules\\jest-runner\\build\\testWorker.js:276:16)\n    at runTest (C:\\Users\\Soft\\OneDrive - Faculty Of Engineering (Tanta University)\\Documents\\01_Github_Project\\University\\03_FarahStore\\backend\\node_modules\\jest-runner\\build\\testWorker.js:344:7)\n    at Object.worker (C:\\Users\\Soft\\OneDrive - Faculty Of Engineering (Tanta University)\\Documents\\01_Github_Project\\University\\03_FarahStore\\backend\\node_modules\\jest-runner\\build\\testWorker.js:498:12)"],"fullName":"Validation Edge Cases & DB Atomicity (Rollbacks) should reject empty cart","invocations":1,"location":null,"numPassingAsserts":0,"retryReasons":[],"startAt":1782674040718,"status":"failed","title":"should reject empty cart"}],"coverage":{},"endTime":1782674042910,"message":"  ● Restock & WAC › should correctly calculate Weighted Average Cost and update stock upon restock\n\n    ReferenceError: db is not defined\n\n    \u001b[0m \u001b[90m  6 |\u001b[39m \u001b[36masync\u001b[39m \u001b[36mfunction\u001b[39m cleanupDatabase() {\n     \u001b[90m  7 |\u001b[39m   \u001b[90m// Ordered from children to parents to respect foreign keys\u001b[39m\n    \u001b[31m\u001b[1m>\u001b[22m\u001b[39m\u001b[90m  8 |\u001b[39m   \u001b[36mawait\u001b[39m db\u001b[33m.\u001b[39mprepare(\u001b[32m'DELETE FROM installments'\u001b[39m)\u001b[33m;\u001b[39m\n     \u001b[90m    |\u001b[39m   \u001b[31m\u001b[1m^\u001b[22m\u001b[39m\n     \u001b[90m  9 |\u001b[39m   \u001b[36mawait\u001b[39m db\u001b[33m.\u001b[39mprepare(\u001b[32m'DELETE FROM order_details'\u001b[39m)\u001b[33m;\u001b[39m\n     \u001b[90m 10 |\u001b[39m   \u001b[36mawait\u001b[39m db\u001b[33m.\u001b[39mprepare(\u001b[32m'DELETE FROM orders'\u001b[39m)\u001b[33m;\u001b[39m\n     \u001b[90m 11 |\u001b[39m   \u001b[36mawait\u001b[39m db\u001b[33m.\u001b[39mprepare(\u001b[32m'DELETE FROM products'\u001b[39m)\u001b[33m;\u001b[39m\u001b[0m\n\n      at cleanupDatabase (C:\\Users\\Soft\\OneDrive - Faculty Of Engineering (Tanta University)../../../../../../../../Documents/01_Github_Project/University/03_FarahStore/backend/tests/system_e2e.test.js:8:3)\n      at Object.cleanupDatabase (C:\\Users\\Soft\\OneDrive - Faculty Of Engineering (Tanta University)../../../../../../../../Documents/01_Github_Project/University/03_FarahStore/backend/tests/system_e2e.test.js:18:9)\n\n  ● Cash Orders & Dashboard Stats › should create a cash order, decrement stock, and update dashboard delta\n\n    ReferenceError: db is not defined\n\n    \u001b[0m \u001b[90m  6 |\u001b[39m \u001b[36masync\u001b[39m \u001b[36mfunction\u001b[39m cleanupDatabase() {\n     \u001b[90m  7 |\u001b[39m   \u001b[90m// Ordered from children to parents to respect foreign keys\u001b[39m\n    \u001b[31m\u001b[1m>\u001b[22m\u001b[39m\u001b[90m  8 |\u001b[39m   \u001b[36mawait\u001b[39m db\u001b[33m.\u001b[39mprepare(\u001b[32m'DELETE FROM installments'\u001b[39m)\u001b[33m;\u001b[39m\n     \u001b[90m    |\u001b[39m   \u001b[31m\u001b[1m^\u001b[22m\u001b[39m\n     \u001b[90m  9 |\u001b[39m   \u001b[36mawait\u001b[39m db\u001b[33m.\u001b[39mprepare(\u001b[32m'DELETE FROM order_details'\u001b[39m)\u001b[33m;\u001b[39m\n     \u001b[90m 10 |\u001b[39m   \u001b[36mawait\u001b[39m db\u001b[33m.\u001b[39mprepare(\u001b[32m'DELETE FROM orders'\u001b[39m)\u001b[33m;\u001b[39m\n     \u001b[90m 11 |\u001b[39m   \u001b[36mawait\u001b[39m db\u001b[33m.\u001b[39mprepare(\u001b[32m'DELETE FROM products'\u001b[39m)\u001b[33m;\u001b[39m\u001b[0m\n\n      at cleanupDatabase (C:\\Users\\Soft\\OneDrive - Faculty Of Engineering (Tanta University)../../../../../../../../Documents/01_Github_Project/University/03_FarahStore/backend/tests/system_e2e.test.js:8:3)\n      at Object.cleanupDatabase (C:\\Users\\Soft\\OneDrive - Faculty Of Engineering (Tanta University)../../../../../../../../Documents/01_Github_Project/University/03_FarahStore/backend/tests/system_e2e.test.js:18:9)\n\n  ● Installments Lifecycle › should handle installment creation, remaining balance reductions, and auto-completion\n\n    ReferenceError: db is not defined\n\n    \u001b[0m \u001b[90m  6 |\u001b[39m \u001b[36masync\u001b[39m \u001b[36mfunction\u001b[39m cleanupDatabase() {\n     \u001b[90m  7 |\u001b[39m   \u001b[90m// Ordered from children to parents to respect foreign keys\u001b[39m\n    \u001b[31m\u001b[1m>\u001b[22m\u001b[39m\u001b[90m  8 |\u001b[39m   \u001b[36mawait\u001b[39m db\u001b[33m.\u001b[39mprepare(\u001b[32m'DELETE FROM installments'\u001b[39m)\u001b[33m;\u001b[39m\n     \u001b[90m    |\u001b[39m   \u001b[31m\u001b[1m^\u001b[22m\u001b[39m\n     \u001b[90m  9 |\u001b[39m   \u001b[36mawait\u001b[39m db\u001b[33m.\u001b[39mprepare(\u001b[32m'DELETE FROM order_details'\u001b[39m)\u001b[33m;\u001b[39m\n     \u001b[90m 10 |\u001b[39m   \u001b[36mawait\u001b[39m db\u001b[33m.\u001b[39mprepare(\u001b[32m'DELETE FROM orders'\u001b[39m)\u001b[33m;\u001b[39m\n     \u001b[90m 11 |\u001b[39m   \u001b[36mawait\u001b[39m db\u001b[33m.\u001b[39mprepare(\u001b[32m'DELETE FROM products'\u001b[39m)\u001b[33m;\u001b[39m\u001b[0m\n\n      at cleanupDatabase (C:\\Users\\Soft\\OneDrive - Faculty Of Engineering (Tanta University)../../../../../../../../Documents/01_Github_Project/University/03_FarahStore/backend/tests/system_e2e.test.js:8:3)\n      at Object.cleanupDatabase (C:\\Users\\Soft\\OneDrive - Faculty Of Engineering (Tanta University)../../../../../../../../Documents/01_Github_Project/University/03_FarahStore/backend/tests/system_e2e.test.js:18:9)\n\n  ● Mixed Cart Checkout › should correctly handle multiple different products in one cart\n\n    ReferenceError: db is not defined\n\n    \u001b[0m \u001b[90m  6 |\u001b[39m \u001b[36masync\u001b[39m \u001b[36mfunction\u001b[39m cleanupDatabase() {\n     \u001b[90m  7 |\u001b[39m   \u001b[90m// Ordered from children to parents to respect foreign keys\u001b[39m\n    \u001b[31m\u001b[1m>\u001b[22m\u001b[39m\u001b[90m  8 |\u001b[39m   \u001b[36mawait\u001b[39m db\u001b[33m.\u001b[39mprepare(\u001b[32m'DELETE FROM installments'\u001b[39m)\u001b[33m;\u001b[39m\n     \u001b[90m    |\u001b[39m   \u001b[31m\u001b[1m^\u001b[22m\u001b[39m\n     \u001b[90m  9 |\u001b[39m   \u001b[36mawait\u001b[39m db\u001b[33m.\u001b[39mprepare(\u001b[32m'DELETE FROM order_details'\u001b[39m)\u001b[33m;\u001b[39m\n     \u001b[90m 10 |\u001b[39m   \u001b[36mawait\u001b[39m db\u001b[33m.\u001b[39mprepare(\u001b[32m'DELETE FROM orders'\u001b[39m)\u001b[33m;\u001b[39m\n     \u001b[90m 11 |\u001b[39m   \u001b[36mawait\u001b[39m db\u001b[33m.\u001b[39mprepare(\u001b[32m'DELETE FROM products'\u001b[39m)\u001b[33m;\u001b[39m\u001b[0m\n\n      at cleanupDatabase (C:\\Users\\Soft\\OneDrive - Faculty Of Engineering (Tanta University)../../../../../../../../Documents/01_Github_Project/University/03_FarahStore/backend/tests/system_e2e.test.js:8:3)\n      at Object.cleanupDatabase (C:\\Users\\Soft\\OneDrive - Faculty Of Engineering (Tanta University)../../../../../../../../Documents/01_Github_Project/University/03_FarahStore/backend/tests/system_e2e.test.js:18:9)\n\n  ● Soft Delete Constraints › should prevent orders for deleted products\n\n    ReferenceError: db is not defined\n\n    \u001b[0m \u001b[90m  6 |\u001b[39m \u001b[36masync\u001b[39m \u001b[36mfunction\u001b[39m cleanupDatabase() {\n     \u001b[90m  7 |\u001b[39m   \u001b[90m// Ordered from children to parents to respect foreign keys\u001b[39m\n    \u001b[31m\u001b[1m>\u001b[22m\u001b[39m\u001b[90m  8 |\u001b[39m   \u001b[36mawait\u001b[39m db\u001b[33m.\u001b[39mprepare(\u001b[32m'DELETE FROM installments'\u001b[39m)\u001b[33m;\u001b[39m\n     \u001b[90m    |\u001b[39m   \u001b[31m\u001b[1m^\u001b[22m\u001b[39m\n     \u001b[90m  9 |\u001b[39m   \u001b[36mawait\u001b[39m db\u001b[33m.\u001b[39mprepare(\u001b[32m'DELETE FROM order_details'\u001b[39m)\u001b[33m;\u001b[39m\n     \u001b[90m 10 |\u001b[39m   \u001b[36mawait\u001b[39m db\u001b[33m.\u001b[39mprepare(\u001b[32m'DELETE FROM orders'\u001b[39m)\u001b[33m;\u001b[39m\n     \u001b[90m 11 |\u001b[39m   \u001b[36mawait\u001b[39m db\u001b[33m.\u001b[39mprepare(\u001b[32m'DELETE FROM products'\u001b[39m)\u001b[33m;\u001b[39m\u001b[0m\n\n      at cleanupDatabase (C:\\Users\\Soft\\OneDrive - Faculty Of Engineering (Tanta University)../../../../../../../../Documents/01_Github_Project/University/03_FarahStore/backend/tests/system_e2e.test.js:8:3)\n      at Object.cleanupDatabase (C:\\Users\\Soft\\OneDrive - Faculty Of Engineering (Tanta University)../../../../../../../../Documents/01_Github_Project/University/03_FarahStore/backend/tests/system_e2e.test.js:18:9)\n\n  ● Validation Edge Cases & DB Atomicity (Rollbacks) › should completely rollback when attempting to buy out-of-stock items\n\n    ReferenceError: db is not defined\n\n    \u001b[0m \u001b[90m  6 |\u001b[39m \u001b[36masync\u001b[39m \u001b[36mfunction\u001b[39m cleanupDatabase() {\n     \u001b[90m  7 |\u001b[39m   \u001b[90m// Ordered from children to parents to respect foreign keys\u001b[39m\n    \u001b[31m\u001b[1m>\u001b[22m\u001b[39m\u001b[90m  8 |\u001b[39m   \u001b[36mawait\u001b[39m db\u001b[33m.\u001b[39mprepare(\u001b[32m'DELETE FROM installments'\u001b[39m)\u001b[33m;\u001b[39m\n     \u001b[90m    |\u001b[39m   \u001b[31m\u001b[1m^\u001b[22m\u001b[39m\n     \u001b[90m  9 |\u001b[39m   \u001b[36mawait\u001b[39m db\u001b[33m.\u001b[39mprepare(\u001b[32m'DELETE FROM order_details'\u001b[39m)\u001b[33m;\u001b[39m\n     \u001b[90m 10 |\u001b[39m   \u001b[36mawait\u001b[39m db\u001b[33m.\u001b[39mprepare(\u001b[32m'DELETE FROM orders'\u001b[39m)\u001b[33m;\u001b[39m\n     \u001b[90m 11 |\u001b[39m   \u001b[36mawait\u001b[39m db\u001b[33m.\u001b[39mprepare(\u001b[32m'DELETE FROM products'\u001b[39m)\u001b[33m;\u001b[39m\u001b[0m\n\n      at cleanupDatabase (C:\\Users\\Soft\\OneDrive - Faculty Of Engineering (Tanta University)../../../../../../../../Documents/01_Github_Project/University/03_FarahStore/backend/tests/system_e2e.test.js:8:3)\n      at Object.cleanupDatabase (C:\\Users\\Soft\\OneDrive - Faculty Of Engineering (Tanta University)../../../../../../../../Documents/01_Github_Project/University/03_FarahStore/backend/tests/system_e2e.test.js:18:9)\n\n  ● Validation Edge Cases & DB Atomicity (Rollbacks) › should reject decimal quantities and negative quantities\n\n    ReferenceError: db is not defined\n\n    \u001b[0m \u001b[90m  6 |\u001b[39m \u001b[36masync\u001b[39m \u001b[36mfunction\u001b[39m cleanupDatabase() {\n     \u001b[90m  7 |\u001b[39m   \u001b[90m// Ordered from children to parents to respect foreign keys\u001b[39m\n    \u001b[31m\u001b[1m>\u001b[22m\u001b[39m\u001b[90m  8 |\u001b[39m   \u001b[36mawait\u001b[39m db\u001b[33m.\u001b[39mprepare(\u001b[32m'DELETE FROM installments'\u001b[39m)\u001b[33m;\u001b[39m\n     \u001b[90m    |\u001b[39m   \u001b[31m\u001b[1m^\u001b[22m\u001b[39m\n     \u001b[90m  9 |\u001b[39m   \u001b[36mawait\u001b[39m db\u001b[33m.\u001b[39mprepare(\u001b[32m'DELETE FROM order_details'\u001b[39m)\u001b[33m;\u001b[39m\n     \u001b[90m 10 |\u001b[39m   \u001b[36mawait\u001b[39m db\u001b[33m.\u001b[39mprepare(\u001b[32m'DELETE FROM orders'\u001b[39m)\u001b[33m;\u001b[39m\n     \u001b[90m 11 |\u001b[39m   \u001b[36mawait\u001b[39m db\u001b[33m.\u001b[39mprepare(\u001b[32m'DELETE FROM products'\u001b[39m)\u001b[33m;\u001b[39m\u001b[0m\n\n      at cleanupDatabase (C:\\Users\\Soft\\OneDrive - Faculty Of Engineering (Tanta University)../../../../../../../../Documents/01_Github_Project/University/03_FarahStore/backend/tests/system_e2e.test.js:8:3)\n      at Object.cleanupDatabase (C:\\Users\\Soft\\OneDrive - Faculty Of Engineering (Tanta University)../../../../../../../../Documents/01_Github_Project/University/03_FarahStore/backend/tests/system_e2e.test.js:18:9)\n\n  ● Validation Edge Cases & DB Atomicity (Rollbacks) › should reject empty cart\n\n    ReferenceError: db is not defined\n\n    \u001b[0m \u001b[90m  6 |\u001b[39m \u001b[36masync\u001b[39m \u001b[36mfunction\u001b[39m cleanupDatabase() {\n     \u001b[90m  7 |\u001b[39m   \u001b[90m// Ordered from children to parents to respect foreign keys\u001b[39m\n    \u001b[31m\u001b[1m>\u001b[22m\u001b[39m\u001b[90m  8 |\u001b[39m   \u001b[36mawait\u001b[39m db\u001b[33m.\u001b[39mprepare(\u001b[32m'DELETE FROM installments'\u001b[39m)\u001b[33m;\u001b[39m\n     \u001b[90m    |\u001b[39m   \u001b[31m\u001b[1m^\u001b[22m\u001b[39m\n     \u001b[90m  9 |\u001b[39m   \u001b[36mawait\u001b[39m db\u001b[33m.\u001b[39mprepare(\u001b[32m'DELETE FROM order_details'\u001b[39m)\u001b[33m;\u001b[39m\n     \u001b[90m 10 |\u001b[39m   \u001b[36mawait\u001b[39m db\u001b[33m.\u001b[39mprepare(\u001b[32m'DELETE FROM orders'\u001b[39m)\u001b[33m;\u001b[39m\n     \u001b[90m 11 |\u001b[39m   \u001b[36mawait\u001b[39m db\u001b[33m.\u001b[39mprepare(\u001b[32m'DELETE FROM products'\u001b[39m)\u001b[33m;\u001b[39m\u001b[0m\n\n      at cleanupDatabase (C:\\Users\\Soft\\OneDrive - Faculty Of Engineering (Tanta University)../../../../../../../../Documents/01_Github_Project/University/03_FarahStore/backend/tests/system_e2e.test.js:8:3)\n      at Object.cleanupDatabase (C:\\Users\\Soft\\OneDrive - Faculty Of Engineering (Tanta University)../../../../../../../../Documents/01_Github_Project/University/03_FarahStore/backend/tests/system_e2e.test.js:18:9)\n\n\n  ● Test suite failed to run\n\n    ReferenceError: db is not defined\n\n    \u001b[0m \u001b[90m  6 |\u001b[39m \u001b[36masync\u001b[39m \u001b[36mfunction\u001b[39m cleanupDatabase() {\n     \u001b[90m  7 |\u001b[39m   \u001b[90m// Ordered from children to parents to respect foreign keys\u001b[39m\n    \u001b[31m\u001b[1m>\u001b[22m\u001b[39m\u001b[90m  8 |\u001b[39m   \u001b[36mawait\u001b[39m db\u001b[33m.\u001b[39mprepare(\u001b[32m'DELETE FROM installments'\u001b[39m)\u001b[33m;\u001b[39m\n     \u001b[90m    |\u001b[39m   \u001b[31m\u001b[1m^\u001b[22m\u001b[39m\n     \u001b[90m  9 |\u001b[39m   \u001b[36mawait\u001b[39m db\u001b[33m.\u001b[39mprepare(\u001b[32m'DELETE FROM order_details'\u001b[39m)\u001b[33m;\u001b[39m\n     \u001b[90m 10 |\u001b[39m   \u001b[36mawait\u001b[39m db\u001b[33m.\u001b[39mprepare(\u001b[32m'DELETE FROM orders'\u001b[39m)\u001b[33m;\u001b[39m\n     \u001b[90m 11 |\u001b[39m   \u001b[36mawait\u001b[39m db\u001b[33m.\u001b[39mprepare(\u001b[32m'DELETE FROM products'\u001b[39m)\u001b[33m;\u001b[39m\u001b[0m\n\n      at cleanupDatabase (C:\\Users\\Soft\\OneDrive - Faculty Of Engineering (Tanta University)../../../../../../../../Documents/01_Github_Project/University/03_FarahStore/backend/tests/system_e2e.test.js:8:3)\n      at Object.cleanupDatabase (C:\\Users\\Soft\\OneDrive - Faculty Of Engineering (Tanta University)../../../../../../../../Documents/01_Github_Project/University/03_FarahStore/backend/tests/system_e2e.test.js:22:9)\n","name":"C:\\Users\\Soft\\OneDrive - Faculty Of Engineering (Tanta University)\\Documents\\01_Github_Project\\University\\03_FarahStore\\backend\\tests\\system_e2e.test.js","startTime":1782674042910,"status":"failed","summary":""},{"assertionResults":[{"ancestorTitles":["Orders API","POST /api/orders"],"duration":104,"failing":false,"failureDetails":[],"failureMessages":[],"fullName":"Orders API POST /api/orders should return 400 REQUIRED_FIELDS if missing payload fields","invocations":1,"location":null,"numPassingAsserts":2,"retryReasons":[],"startAt":1782674040674,"status":"passed","title":"should return 400 REQUIRED_FIELDS if missing payload fields"},{"ancestorTitles":["Orders API","POST /api/orders"],"duration":33,"failing":false,"failureDetails":[],"failureMessages":[],"fullName":"Orders API POST /api/orders should return 400 INVALID_PAYMENT_TYPE if payment type is wrong","invocations":1,"location":null,"numPassingAsserts":2,"retryReasons":[],"startAt":1782674040781,"status":"passed","title":"should return 400 INVALID_PAYMENT_TYPE if payment type is wrong"},{"ancestorTitles":["Orders API","POST /api/orders"],"duration":2,"failing":false,"failureDetails":[{}],"failureMessages":["TypeError: pool.connect is not a function\n    at Object.connect (C:\\Users\\Soft\\OneDrive - Faculty Of Engineering (Tanta University)\\Documents\\01_Github_Project\\University\\03_FarahStore\\backend\\tests\\orders.test.js:39:33)\n    at Promise.finally.completed (C:\\Users\\Soft\\OneDrive - Faculty Of Engineering (Tanta University)\\Documents\\01_Github_Project\\University\\03_FarahStore\\backend\\node_modules\\jest-circus\\build\\jestAdapterInit.js:1561:28)\n    at new Promise (<anonymous>)\n    at callAsyncCircusFn (C:\\Users\\Soft\\OneDrive - Faculty Of Engineering (Tanta University)\\Documents\\01_Github_Project\\University\\03_FarahStore\\backend\\node_modules\\jest-circus\\build\\jestAdapterInit.js:1501:10)\n    at _callCircusTest (C:\\Users\\Soft\\OneDrive - Faculty Of Engineering (Tanta University)\\Documents\\01_Github_Project\\University\\03_FarahStore\\backend\\node_modules\\jest-circus\\build\\jestAdapterInit.js:1011:40)\n    at processTicksAndRejections (node:internal/process/task_queues:95:5)\n    at _runTest (C:\\Users\\Soft\\OneDrive - Faculty Of Engineering (Tanta University)\\Documents\\01_Github_Project\\University\\03_FarahStore\\backend\\node_modules\\jest-circus\\build\\jestAdapterInit.js:951:3)\n    at C:\\Users\\Soft\\OneDrive - Faculty Of Engineering (Tanta University)\\Documents\\01_Github_Project\\University\\03_FarahStore\\backend\\node_modules\\jest-circus\\build\\jestAdapterInit.js:853:7\n    at _runTestsForDescribeBlock (C:\\Users\\Soft\\OneDrive - Faculty Of Engineering (Tanta University)\\Documents\\01_Github_Project\\University\\03_FarahStore\\backend\\node_modules\\jest-circus\\build\\jestAdapterInit.js:866:11)\n    at _runTestsForDescribeBlock (C:\\Users\\Soft\\OneDrive - Faculty Of Engineering (Tanta University)\\Documents\\01_Github_Project\\University\\03_FarahStore\\backend\\node_modules\\jest-circus\\build\\jestAdapterInit.js:861:11)\n    at _runTestsForDescribeBlock (C:\\Users\\Soft\\OneDrive - Faculty Of Engineering (Tanta University)\\Documents\\01_Github_Project\\University\\03_FarahStore\\backend\\node_modules\\jest-circus\\build\\jestAdapterInit.js:861:11)\n    at run (C:\\Users\\Soft\\OneDrive - Faculty Of Engineering (Tanta University)\\Documents\\01_Github_Project\\University\\03_FarahStore\\backend\\node_modules\\jest-circus\\build\\jestAdapterInit.js:765:3)\n    at runAndTransformResultsToJestFormat (C:\\Users\\Soft\\OneDrive - Faculty Of Engineering (Tanta University)\\Documents\\01_Github_Project\\University\\03_FarahStore\\backend\\node_modules\\jest-circus\\build\\jestAdapterInit.js:1993:21)\n    at jestAdapter (C:\\Users\\Soft\\OneDrive - Faculty Of Engineering (Tanta University)\\Documents\\01_Github_Project\\University\\03_FarahStore\\backend\\node_modules\\jest-circus\\build\\runner.js:111:19)\n    at runTestInternal (C:\\Users\\Soft\\OneDrive - Faculty Of Engineering (Tanta University)\\Documents\\01_Github_Project\\University\\03_FarahStore\\backend\\node_modules\\jest-runner\\build\\testWorker.js:276:16)\n    at runTest (C:\\Users\\Soft\\OneDrive - Faculty Of Engineering (Tanta University)\\Documents\\01_Github_Project\\University\\03_FarahStore\\backend\\node_modules\\jest-runner\\build\\testWorker.js:344:7)\n    at Object.worker (C:\\Users\\Soft\\OneDrive - Faculty Of Engineering (Tanta University)\\Documents\\01_Github_Project\\University\\03_FarahStore\\backend\\node_modules\\jest-runner\\build\\testWorker.js:498:12)"],"fullName":"Orders API POST /api/orders should return 400 NOT_FOUND if customer_id does not exist","invocations":1,"location":null,"numPassingAsserts":0,"retryReasons":[],"startAt":1782674040815,"status":"failed","title":"should return 400 NOT_FOUND if customer_id does not exist"},{"ancestorTitles":["Orders API","PUT /api/orders/:id"],"duration":13,"failing":false,"failureDetails":[],"failureMessages":[],"fullName":"Orders API PUT /api/orders/:id should return 404 NOT_FOUND if order does not exist","invocations":1,"location":null,"numPassingAsserts":2,"retryReasons":[],"startAt":1782674040865,"status":"passed","title":"should return 404 NOT_FOUND if order does not exist"}],"endTime":1782674040938,"message":"  ● Orders API › POST /api/orders › should return 400 NOT_FOUND if customer_id does not exist\n\n    TypeError: pool.connect is not a function\n\n    \u001b[0m \u001b[90m 37 |\u001b[39m\n     \u001b[90m 38 |\u001b[39m     it(\u001b[32m'should return 400 NOT_FOUND if customer_id does not exist'\u001b[39m\u001b[33m,\u001b[39m \u001b[36masync\u001b[39m () \u001b[33m=>\u001b[39m {\n    \u001b[31m\u001b[1m>\u001b[22m\u001b[39m\u001b[90m 39 |\u001b[39m       \u001b[36mconst\u001b[39m client \u001b[33m=\u001b[39m \u001b[36mawait\u001b[39m pool\u001b[33m.\u001b[39mconnect()\u001b[33m;\u001b[39m\n     \u001b[90m    |\u001b[39m                                 \u001b[31m\u001b[1m^\u001b[22m\u001b[39m\n     \u001b[90m 40 |\u001b[39m       client\u001b[33m.\u001b[39mquery\u001b[33m.\u001b[39mmockResolvedValueOnce({ rowCount\u001b[33m:\u001b[39m \u001b[35m0\u001b[39m })\u001b[33m;\u001b[39m \u001b[90m// Mock customer validation\u001b[39m\n     \u001b[90m 41 |\u001b[39m\n     \u001b[90m 42 |\u001b[39m       \u001b[36mconst\u001b[39m res \u001b[33m=\u001b[39m \u001b[36mawait\u001b[39m request(app)\u001b[33m.\u001b[39mpost(\u001b[32m'/api/orders'\u001b[39m)\u001b[33m.\u001b[39msend(validOrder)\u001b[33m;\u001b[39m\u001b[0m\n\n      at Object.connect (C:\\Users\\Soft\\OneDrive - Faculty Of Engineering (Tanta University)../../../../../../../../Documents/01_Github_Project/University/03_FarahStore/backend/tests/orders.test.js:39:33)\n","name":"C:\\Users\\Soft\\OneDrive - Faculty Of Engineering (Tanta University)\\Documents\\01_Github_Project\\University\\03_FarahStore\\backend\\tests\\orders.test.js","startTime":1782674038735,"status":"failed","summary":""},{"assertionResults":[{"ancestorTitles":["Categories API","GET /api/categories"],"duration":70,"failing":false,"failureDetails":[],"failureMessages":[],"fullName":"Categories API GET /api/categories should return all categories","invocations":1,"location":null,"numPassingAsserts":2,"retryReasons":[],"startAt":1782674040633,"status":"passed","title":"should return all categories"},{"ancestorTitles":["Categories API","GET /api/categories/:id"],"duration":16,"failing":false,"failureDetails":[],"failureMessages":[],"fullName":"Categories API GET /api/categories/:id should return 404 NOT_FOUND if category does not exist","invocations":1,"location":null,"numPassingAsserts":2,"retryReasons":[],"startAt":1782674040704,"status":"passed","title":"should return 404 NOT_FOUND if category does not exist"},{"ancestorTitles":["Categories API","GET /api/categories/:id"],"duration":13,"failing":false,"failureDetails":[],"failureMessages":[],"fullName":"Categories API GET /api/categories/:id should return category data if exists","invocations":1,"location":null,"numPassingAsserts":2,"retryReasons":[],"startAt":1782674040720,"status":"passed","title":"should return category data if exists"},{"ancestorTitles":["Categories API","POST /api/categories"],"duration":51,"failing":false,"failureDetails":[],"failureMessages":[],"fullName":"Categories API POST /api/categories should return 400 REQUIRED_FIELDS if category_name is missing","invocations":1,"location":null,"numPassingAsserts":2,"retryReasons":[],"startAt":1782674040734,"status":"passed","title":"should return 400 REQUIRED_FIELDS if category_name is missing"},{"ancestorTitles":["Categories API","POST /api/categories"],"duration":27,"failing":false,"failureDetails":[],"failureMessages":[],"fullName":"Categories API POST /api/categories should create a new category successfully","invocations":1,"location":null,"numPassingAsserts":2,"retryReasons":[],"startAt":1782674040785,"status":"passed","title":"should create a new category successfully"},{"ancestorTitles":["Categories API","PUT /api/categories/"],"duration":11,"failing":false,"failureDetails":[],"failureMessages":[],"fullName":"Categories API PUT /api/categories/ should return 400 ID_REQUIRED if ID is missing","invocations":1,"location":null,"numPassingAsserts":2,"retryReasons":[],"startAt":1782674040813,"status":"passed","title":"should return 400 ID_REQUIRED if ID is missing"},{"ancestorTitles":["Categories API","PUT /api/categories/:id"],"duration":15,"failing":false,"failureDetails":[],"failureMessages":[],"fullName":"Categories API PUT /api/categories/:id should return 400 REQUIRED_FIELDS if category_name is missing","invocations":1,"location":null,"numPassingAsserts":2,"retryReasons":[],"startAt":1782674040825,"status":"passed","title":"should return 400 REQUIRED_FIELDS if category_name is missing"},{"ancestorTitles":["Categories API","PUT /api/categories/:id"],"duration":11,"failing":false,"failureDetails":[],"failureMessages":[],"fullName":"Categories API PUT /api/categories/:id should return 404 NOT_FOUND if category to update does not exist","invocations":1,"location":null,"numPassingAsserts":2,"retryReasons":[],"startAt":1782674040841,"status":"passed","title":"should return 404 NOT_FOUND if category to update does not exist"},{"ancestorTitles":["Categories API","DELETE /api/categories/"],"duration":15,"failing":false,"failureDetails":[],"failureMessages":[],"fullName":"Categories API DELETE /api/categories/ should return 400 ID_REQUIRED if ID is missing","invocations":1,"location":null,"numPassingAsserts":2,"retryReasons":[],"startAt":1782674040852,"status":"passed","title":"should return 400 ID_REQUIRED if ID is missing"},{"ancestorTitles":["Categories API","DELETE /api/categories/:id"],"duration":14,"failing":false,"failureDetails":[],"failureMessages":[],"fullName":"Categories API DELETE /api/categories/:id should return 404 NOT_FOUND if category does not exist","invocations":1,"location":null,"numPassingAsserts":2,"retryReasons":[],"startAt":1782674040868,"status":"passed","title":"should return 404 NOT_FOUND if category does not exist"},{"ancestorTitles":["Categories API","DELETE /api/categories/:id"],"duration":10,"failing":false,"failureDetails":[],"failureMessages":[],"fullName":"Categories API DELETE /api/categories/:id should return 409 LINKED_RECORDS_EXIST if category is linked to products","invocations":1,"location":null,"numPassingAsserts":2,"retryReasons":[],"startAt":1782674040882,"status":"passed","title":"should return 409 LINKED_RECORDS_EXIST if category is linked to products"},{"ancestorTitles":["Categories API","DELETE /api/categories/:id"],"duration":3,"failing":false,"failureDetails":[{}],"failureMessages":["ReferenceError: db is not defined\n    at Object.db (C:\\Users\\Soft\\OneDrive - Faculty Of Engineering (Tanta University)\\Documents\\01_Github_Project\\University\\03_FarahStore\\backend\\tests\\categories.test.js:103:7)\n    at Promise.finally.completed (C:\\Users\\Soft\\OneDrive - Faculty Of Engineering (Tanta University)\\Documents\\01_Github_Project\\University\\03_FarahStore\\backend\\node_modules\\jest-circus\\build\\jestAdapterInit.js:1561:28)\n    at new Promise (<anonymous>)\n    at callAsyncCircusFn (C:\\Users\\Soft\\OneDrive - Faculty Of Engineering (Tanta University)\\Documents\\01_Github_Project\\University\\03_FarahStore\\backend\\node_modules\\jest-circus\\build\\jestAdapterInit.js:1501:10)\n    at _callCircusTest (C:\\Users\\Soft\\OneDrive - Faculty Of Engineering (Tanta University)\\Documents\\01_Github_Project\\University\\03_FarahStore\\backend\\node_modules\\jest-circus\\build\\jestAdapterInit.js:1011:40)\n    at processTicksAndRejections (node:internal/process/task_queues:95:5)\n    at _runTest (C:\\Users\\Soft\\OneDrive - Faculty Of Engineering (Tanta University)\\Documents\\01_Github_Project\\University\\03_FarahStore\\backend\\node_modules\\jest-circus\\build\\jestAdapterInit.js:951:3)\n    at C:\\Users\\Soft\\OneDrive - Faculty Of Engineering (Tanta University)\\Documents\\01_Github_Project\\University\\03_FarahStore\\backend\\node_modules\\jest-circus\\build\\jestAdapterInit.js:853:7\n    at _runTestsForDescribeBlock (C:\\Users\\Soft\\OneDrive - Faculty Of Engineering (Tanta University)\\Documents\\01_Github_Project\\University\\03_FarahStore\\backend\\node_modules\\jest-circus\\build\\jestAdapterInit.js:866:11)\n    at _runTestsForDescribeBlock (C:\\Users\\Soft\\OneDrive - Faculty Of Engineering (Tanta University)\\Documents\\01_Github_Project\\University\\03_FarahStore\\backend\\node_modules\\jest-circus\\build\\jestAdapterInit.js:861:11)\n    at _runTestsForDescribeBlock (C:\\Users\\Soft\\OneDrive - Faculty Of Engineering (Tanta University)\\Documents\\01_Github_Project\\University\\03_FarahStore\\backend\\node_modules\\jest-circus\\build\\jestAdapterInit.js:861:11)\n    at run (C:\\Users\\Soft\\OneDrive - Faculty Of Engineering (Tanta University)\\Documents\\01_Github_Project\\University\\03_FarahStore\\backend\\node_modules\\jest-circus\\build\\jestAdapterInit.js:765:3)\n    at runAndTransformResultsToJestFormat (C:\\Users\\Soft\\OneDrive - Faculty Of Engineering (Tanta University)\\Documents\\01_Github_Project\\University\\03_FarahStore\\backend\\node_modules\\jest-circus\\build\\jestAdapterInit.js:1993:21)\n    at jestAdapter (C:\\Users\\Soft\\OneDrive - Faculty Of Engineering (Tanta University)\\Documents\\01_Github_Project\\University\\03_FarahStore\\backend\\node_modules\\jest-circus\\build\\runner.js:111:19)\n    at runTestInternal (C:\\Users\\Soft\\OneDrive - Faculty Of Engineering (Tanta University)\\Documents\\01_Github_Project\\University\\03_FarahStore\\backend\\node_modules\\jest-runner\\build\\testWorker.js:276:16)\n    at runTest (C:\\Users\\Soft\\OneDrive - Faculty Of Engineering (Tanta University)\\Documents\\01_Github_Project\\University\\03_FarahStore\\backend\\node_modules\\jest-runner\\build\\testWorker.js:344:7)\n    at Object.worker (C:\\Users\\Soft\\OneDrive - Faculty Of Engineering (Tanta University)\\Documents\\01_Github_Project\\University\\03_FarahStore\\backend\\node_modules\\jest-runner\\build\\testWorker.js:498:12)"],"fullName":"Categories API DELETE /api/categories/:id should delete category successfully","invocations":1,"location":null,"numPassingAsserts":0,"retryReasons":[],"startAt":1782674040892,"status":"failed","title":"should delete category successfully"}],"endTime":1782674040975,"message":"  ● Categories API › DELETE /api/categories/:id › should delete category successfully\n\n    ReferenceError: db is not defined\n\n    \u001b[0m \u001b[90m 101 |\u001b[39m\n     \u001b[90m 102 |\u001b[39m     it(\u001b[32m'should delete category successfully'\u001b[39m\u001b[33m,\u001b[39m \u001b[36masync\u001b[39m () \u001b[33m=>\u001b[39m {\n    \u001b[31m\u001b[1m>\u001b[22m\u001b[39m\u001b[90m 103 |\u001b[39m       db\u001b[33m.\u001b[39mprepare\n     \u001b[90m     |\u001b[39m       \u001b[31m\u001b[1m^\u001b[22m\u001b[39m\n     \u001b[90m 104 |\u001b[39m         \u001b[33m.\u001b[39mmockResolvedValueOnce({ rows\u001b[33m:\u001b[39m [] }) \u001b[90m// SELECT (no products)\u001b[39m\n     \u001b[90m 105 |\u001b[39m         \u001b[33m.\u001b[39mmockResolvedValueOnce({ rows\u001b[33m:\u001b[39m [{ category_id\u001b[33m:\u001b[39m \u001b[35m1\u001b[39m }] })\u001b[33m;\u001b[39m \u001b[90m// DELETE\u001b[39m\n     \u001b[90m 106 |\u001b[39m\u001b[0m\n\n      at Object.db (C:\\Users\\Soft\\OneDrive - Faculty Of Engineering (Tanta University)../../../../../../../../Documents/01_Github_Project/University/03_FarahStore/backend/tests/categories.test.js:103:7)\n","name":"C:\\Users\\Soft\\OneDrive - Faculty Of Engineering (Tanta University)\\Documents\\01_Github_Project\\University\\03_FarahStore\\backend\\tests\\categories.test.js","startTime":1782674038677,"status":"failed","summary":""},{"assertionResults":[{"ancestorTitles":["Advanced Integrity and Business Logic Tests","TEST GROUP 1: INVENTORY PROTECTION"],"duration":22,"failing":false,"failureDetails":[],"failureMessages":[],"fullName":"Advanced Integrity and Business Logic Tests TEST GROUP 1: INVENTORY PROTECTION 1. Insufficient Stock: Request fails when requested quantity > available stock","invocations":1,"location":null,"numPassingAsserts":2,"retryReasons":[],"startAt":1782674040751,"status":"passed","title":"1. Insufficient Stock: Request fails when requested quantity > available stock"},{"ancestorTitles":["Advanced Integrity and Business Logic Tests","TEST GROUP 1: INVENTORY PROTECTION"],"duration":27,"failing":false,"failureDetails":[{"matcherResult":{"actual":"NOT_FOUND","expected":"INSUFFICIENT_STOCK","message":"expect(received).toBe(expected) // Object.is equality\n\nExpected: \"INSUFFICIENT_STOCK\"\nReceived: \"NOT_FOUND\"","name":"toBe","pass":false}}],"failureMessages":["Error: expect(received).toBe(expected) // Object.is equality\n\nExpected: \"INSUFFICIENT_STOCK\"\nReceived: \"NOT_FOUND\"\n    at Object.toBe (C:\\Users\\Soft\\OneDrive - Faculty Of Engineering (Tanta University)\\Documents\\01_Github_Project\\University\\03_FarahStore\\backend\\tests\\advanced.test.js:59:35)\n    at processTicksAndRejections (node:internal/process/task_queues:95:5)"],"fullName":"Advanced Integrity and Business Logic Tests TEST GROUP 1: INVENTORY PROTECTION 2. Inventory Never Goes Negative","invocations":1,"location":null,"numPassingAsserts":1,"retryReasons":[],"startAt":1782674040774,"status":"failed","title":"2. Inventory Never Goes Negative"},{"ancestorTitles":["Advanced Integrity and Business Logic Tests","TEST GROUP 2: STOCK DEDUCTION VERIFICATION"],"duration":11,"failing":false,"failureDetails":[{}],"failureMessages":["ReferenceError: db is not defined\n    at Object.<anonymous> (C:\\Users\\Soft\\OneDrive - Faculty Of Engineering (Tanta University)\\Documents\\01_Github_Project\\University\\03_FarahStore\\backend\\tests\\advanced.test.js:72:25)\n    at processTicksAndRejections (node:internal/process/task_queues:95:5)"],"fullName":"Advanced Integrity and Business Logic Tests TEST GROUP 2: STOCK DEDUCTION VERIFICATION Deducts stock correctly upon order creation","invocations":1,"location":null,"numPassingAsserts":1,"retryReasons":[],"startAt":1782674040847,"status":"failed","title":"Deducts stock correctly upon order creation"},{"ancestorTitles":["Advanced Integrity and Business Logic Tests","TEST GROUP 3: TRANSACTION ROLLBACK SAFETY"],"duration":13,"failing":false,"failureDetails":[{}],"failureMessages":["ReferenceError: db is not defined\n    at Object.<anonymous> (C:\\Users\\Soft\\OneDrive - Faculty Of Engineering (Tanta University)\\Documents\\01_Github_Project\\University\\03_FarahStore\\backend\\tests\\advanced.test.js:91:25)\n    at processTicksAndRejections (node:internal/process/task_queues:95:5)"],"fullName":"Advanced Integrity and Business Logic Tests TEST GROUP 3: TRANSACTION ROLLBACK SAFETY Rolls back entire transaction if one item is invalid","invocations":1,"location":null,"numPassingAsserts":2,"retryReasons":[],"startAt":1782674040859,"status":"failed","title":"Rolls back entire transaction if one item is invalid"},{"ancestorTitles":["Advanced Integrity and Business Logic Tests","TEST GROUP 4: INSTALLMENT ENDPOINTS"],"duration":22,"failing":false,"failureDetails":[],"failureMessages":[],"fullName":"Advanced Integrity and Business Logic Tests TEST GROUP 4: INSTALLMENT ENDPOINTS Attempt payment update on non-existing installment","invocations":1,"location":null,"numPassingAsserts":2,"retryReasons":[],"startAt":1782674040873,"status":"passed","title":"Attempt payment update on non-existing installment"},{"ancestorTitles":["Advanced Integrity and Business Logic Tests","TEST GROUP 5: DASHBOARD ACCURACY"],"duration":19,"failing":false,"failureDetails":[],"failureMessages":[],"fullName":"Advanced Integrity and Business Logic Tests TEST GROUP 5: DASHBOARD ACCURACY Verify dashboard endpoint responds successfully","invocations":1,"location":null,"numPassingAsserts":2,"retryReasons":[],"startAt":1782674040895,"status":"passed","title":"Verify dashboard endpoint responds successfully"}],"coverage":{},"endTime":1782674042910,"message":"  ● Advanced Integrity and Business Logic Tests › TEST GROUP 1: INVENTORY PROTECTION › 2. Inventory Never Goes Negative\n\n    expect(received).toBe(expected) // Object.is equality\n\n    Expected: \"INSUFFICIENT_STOCK\"\n    Received: \"NOT_FOUND\"\n\n    \u001b[0m \u001b[90m 57 |\u001b[39m       })\u001b[33m;\u001b[39m\n     \u001b[90m 58 |\u001b[39m       expect(res\u001b[33m.\u001b[39mstatus)\u001b[33m.\u001b[39mtoBe(\u001b[35m400\u001b[39m)\u001b[33m;\u001b[39m\n    \u001b[31m\u001b[1m>\u001b[22m\u001b[39m\u001b[90m 59 |\u001b[39m       expect(res\u001b[33m.\u001b[39mbody\u001b[33m.\u001b[39merror_code)\u001b[33m.\u001b[39mtoBe(\u001b[32m\"INSUFFICIENT_STOCK\"\u001b[39m)\u001b[33m;\u001b[39m\n     \u001b[90m    |\u001b[39m                                   \u001b[31m\u001b[1m^\u001b[22m\u001b[39m\n     \u001b[90m 60 |\u001b[39m     })\u001b[33m;\u001b[39m\n     \u001b[90m 61 |\u001b[39m   })\u001b[33m;\u001b[39m\n     \u001b[90m 62 |\u001b[39m\u001b[0m\n\n      at Object.toBe (C:\\Users\\Soft\\OneDrive - Faculty Of Engineering (Tanta University)../../../../../../../../Documents/01_Github_Project/University/03_FarahStore/backend/tests/advanced.test.js:59:35)\n\n  ● Advanced Integrity and Business Logic Tests › TEST GROUP 2: STOCK DEDUCTION VERIFICATION › Deducts stock correctly upon order creation\n\n    ReferenceError: db is not defined\n\n    \u001b[0m \u001b[90m 70 |\u001b[39m       expect(res\u001b[33m.\u001b[39mstatus)\u001b[33m.\u001b[39mtoBe(\u001b[35m201\u001b[39m)\u001b[33m;\u001b[39m\n     \u001b[90m 71 |\u001b[39m       \n    \u001b[31m\u001b[1m>\u001b[22m\u001b[39m\u001b[90m 72 |\u001b[39m       \u001b[36mconst\u001b[39m checkProd \u001b[33m=\u001b[39m \u001b[36mawait\u001b[39m db\u001b[33m.\u001b[39mprepare(\u001b[32m\"SELECT stock_quantity FROM products WHERE product_id = $1\"\u001b[39m\u001b[33m,\u001b[39m [productId1])\u001b[33m;\u001b[39m\n     \u001b[90m    |\u001b[39m                         \u001b[31m\u001b[1m^\u001b[22m\u001b[39m\n     \u001b[90m 73 |\u001b[39m       expect(checkProd\u001b[33m.\u001b[39mrows[\u001b[35m0\u001b[39m]\u001b[33m.\u001b[39mstock_quantity)\u001b[33m.\u001b[39mtoBe(\u001b[35m45\u001b[39m)\u001b[33m;\u001b[39m \u001b[90m// 50 - 5\u001b[39m\n     \u001b[90m 74 |\u001b[39m     })\u001b[33m;\u001b[39m\n     \u001b[90m 75 |\u001b[39m   })\u001b[33m;\u001b[39m\u001b[0m\n\n      at Object.<anonymous> (C:\\Users\\Soft\\OneDrive - Faculty Of Engineering (Tanta University)../../../../../../../../Documents/01_Github_Project/University/03_FarahStore/backend/tests/advanced.test.js:72:25)\n\n  ● Advanced Integrity and Business Logic Tests › TEST GROUP 3: TRANSACTION ROLLBACK SAFETY › Rolls back entire transaction if one item is invalid\n\n    ReferenceError: db is not defined\n\n    \u001b[0m \u001b[90m 89 |\u001b[39m       \n     \u001b[90m 90 |\u001b[39m       \u001b[90m// stock should not be deducted for the first valid item because of rollback\u001b[39m\n    \u001b[31m\u001b[1m>\u001b[22m\u001b[39m\u001b[90m 91 |\u001b[39m       \u001b[36mconst\u001b[39m checkProd \u001b[33m=\u001b[39m \u001b[36mawait\u001b[39m db\u001b[33m.\u001b[39mprepare(\u001b[32m\"SELECT stock_quantity FROM products WHERE product_id = $1\"\u001b[39m\u001b[33m,\u001b[39m [productId1])\u001b[33m;\u001b[39m\n     \u001b[90m    |\u001b[39m                         \u001b[31m\u001b[1m^\u001b[22m\u001b[39m\n     \u001b[90m 92 |\u001b[39m       expect(checkProd\u001b[33m.\u001b[39mrows[\u001b[35m0\u001b[39m]\u001b[33m.\u001b[39mstock_quantity)\u001b[33m.\u001b[39mtoBe(\u001b[35m45\u001b[39m)\u001b[33m;\u001b[39m \u001b[90m// unchanged\u001b[39m\n     \u001b[90m 93 |\u001b[39m     })\u001b[33m;\u001b[39m\n     \u001b[90m 94 |\u001b[39m   })\u001b[33m;\u001b[39m\u001b[0m\n\n      at Object.<anonymous> (C:\\Users\\Soft\\OneDrive - Faculty Of Engineering (Tanta University)../../../../../../../../Documents/01_Github_Project/University/03_FarahStore/backend/tests/advanced.test.js:91:25)\n\n\n  ● Test suite failed to run\n\n    ReferenceError: db is not defined\n\n    \u001b[0m \u001b[90m 29 |\u001b[39m\n     \u001b[90m 30 |\u001b[39m   afterAll(\u001b[36masync\u001b[39m () \u001b[33m=>\u001b[39m {\n    \u001b[31m\u001b[1m>\u001b[22m\u001b[39m\u001b[90m 31 |\u001b[39m     \u001b[36mawait\u001b[39m db\u001b[33m.\u001b[39mprepare(\u001b[32m\"DELETE FROM installments\"\u001b[39m)\u001b[33m;\u001b[39m\n     \u001b[90m    |\u001b[39m     \u001b[31m\u001b[1m^\u001b[22m\u001b[39m\n     \u001b[90m 32 |\u001b[39m     \u001b[36mawait\u001b[39m db\u001b[33m.\u001b[39mprepare(\u001b[32m\"DELETE FROM order_details\"\u001b[39m)\u001b[33m;\u001b[39m\n     \u001b[90m 33 |\u001b[39m     \u001b[36mawait\u001b[39m db\u001b[33m.\u001b[39mprepare(\u001b[32m\"DELETE FROM orders\"\u001b[39m)\u001b[33m;\u001b[39m\n     \u001b[90m 34 |\u001b[39m     \u001b[36mawait\u001b[39m db\u001b[33m.\u001b[39mprepare(\u001b[32m\"DELETE FROM customers WHERE customer_id = $1\"\u001b[39m\u001b[33m,\u001b[39m [customerId])\u001b[33m;\u001b[39m\u001b[0m\n\n      at Object.<anonymous> (C:\\Users\\Soft\\OneDrive - Faculty Of Engineering (Tanta University)../../../../../../../../Documents/01_Github_Project/University/03_FarahStore/backend/tests/advanced.test.js:31:5)\n","name":"C:\\Users\\Soft\\OneDrive - Faculty Of Engineering (Tanta University)\\Documents\\01_Github_Project\\University\\03_FarahStore\\backend\\tests\\advanced.test.js","startTime":1782674042910,"status":"failed","summary":""},{"assertionResults":[{"ancestorTitles":["Products API","POST /api/products"],"duration":149,"failing":false,"failureDetails":[],"failureMessages":[],"fullName":"Products API POST /api/products should return 400 REQUIRED_FIELDS if required fields are missing","invocations":1,"location":null,"numPassingAsserts":2,"retryReasons":[],"startAt":1782674040706,"status":"passed","title":"should return 400 REQUIRED_FIELDS if required fields are missing"},{"ancestorTitles":["Products API","POST /api/products"],"duration":17,"failing":false,"failureDetails":[],"failureMessages":[],"fullName":"Products API POST /api/products should return 400 NEGATIVE_VALUE if purchase_price <= 0","invocations":1,"location":null,"numPassingAsserts":2,"retryReasons":[],"startAt":1782674040856,"status":"passed","title":"should return 400 NEGATIVE_VALUE if purchase_price <= 0"},{"ancestorTitles":["Products API","POST /api/products"],"duration":17,"failing":false,"failureDetails":[],"failureMessages":[],"fullName":"Products API POST /api/products should create product and return SKU matching regex","invocations":1,"location":null,"numPassingAsserts":4,"retryReasons":[],"startAt":1782674040873,"status":"passed","title":"should create product and return SKU matching regex"},{"ancestorTitles":["Products API","POST /api/products/:id/restock"],"duration":17,"failing":false,"failureDetails":[{"matcherResult":{"actual":200,"expected":400,"message":"expect(received).toBe(expected) // Object.is equality\n\nExpected: 400\nReceived: 200","name":"toBe","pass":false}}],"failureMessages":["Error: expect(received).toBe(expected) // Object.is equality\n\nExpected: 400\nReceived: 200\n    at Object.toBe (C:\\Users\\Soft\\OneDrive - Faculty Of Engineering (Tanta University)\\Docume
[...]
@babel/parser/src/parser/expression.ts:804:19)\n      at Parser.parseSubscript [as parseSubscripts] (C:\\Users\\Soft\\OneDrive - Faculty Of Engineering (Tanta University)../../../../../../../../Documents/01_Github_Project/University/03_FarahStore/backend/node_modules/@babel/parser/src/parser/expression.ts:763:19)\n      at Parser.parseSubscripts [as parseExprSubscripts] (C:\\Users\\Soft\\OneDrive - Faculty Of Engineering (Tanta University)../../../../../../../../Documents/01_Github_Project/University/03_FarahStore/backend/node_modules/@babel/parser/src/parser/expression.ts:748:17)\n      at Parser.parseExprSubscripts [as parseUpdate] (C:\\Users\\Soft\\OneDrive - Faculty Of Engineering (Tanta University)../../../../../../../../Documents/01_Github_Project/University/03_FarahStore/backend/node_modules/@babel/parser/src/parser/expression.ts:721:21)\n      at Parser.parseUpdate [as parseMaybeUnary] (C:\\Users\\Soft\\OneDrive - Faculty Of Engineering (Tanta University)../../../../../../../../Documents/01_Github_Project/University/03_FarahStore/backend/node_modules/@babel/parser/src/parser/expression.ts:683:23)\n      at Parser.parseMaybeUnary [as parseMaybeUnaryOrPrivate] (C:\\Users\\Soft\\OneDrive - Faculty Of Engineering (Tanta University)../../../../../../../../Documents/01_Github_Project/University/03_FarahStore/backend/node_modules/@babel/parser/src/parser/expression.ts:417:14)\n      at Parser.parseMaybeUnaryOrPrivate [as parseExprOps] (C:\\Users\\Soft\\OneDrive - Faculty Of Engineering (Tanta University)../../../../../../../../Documents/01_Github_Project/University/03_FarahStore/backend/node_modules/@babel/parser/src/parser/expression.ts:429:23)\n      at Parser.parseExprOps [as parseMaybeConditional] (C:\\Users\\Soft\\OneDrive - Faculty Of Engineering (Tanta University)../../../../../../../../Documents/01_Github_Project/University/03_FarahStore/backend/node_modules/@babel/parser/src/parser/expression.ts:384:23)\n      at Parser.parseMaybeConditional [as parseMaybeAssign] (C:\\Users\\Soft\\OneDrive - Faculty Of Engineering (Tanta University)../../../../../../../../Documents/01_Github_Project/University/03_FarahStore/backend/node_modules/@babel/parser/src/parser/expression.ts:301:21)\n      at Parser.parseMaybeAssign [as parseExpressionBase] (C:\\Users\\Soft\\OneDrive - Faculty Of Engineering (Tanta University)../../../../../../../../Documents/01_Github_Project/University/03_FarahStore/backend/node_modules/@babel/parser/src/parser/expression.ts:226:23)\n      at parseExpressionBase (C:\\Users\\Soft\\OneDrive - Faculty Of Engineering (Tanta University)../../../../../../../../Documents/01_Github_Project/University/03_FarahStore/backend/node_modules/@babel/parser/src/parser/expression.ts:217:39)\n      at Parser.callback [as allowInAnd] (C:\\Users\\Soft\\OneDrive - Faculty Of Engineering (Tanta University)../../../../../../../../Documents/01_Github_Project/University/03_FarahStore/backend/node_modules/@babel/parser/src/parser/expression.ts:3192:16)\n      at Parser.allowInAnd [as parseExpression] (C:\\Users\\Soft\\OneDrive - Faculty Of Engineering (Tanta University)../../../../../../../../Documents/01_Github_Project/University/03_FarahStore/backend/node_modules/@babel/parser/src/parser/expression.ts:217:17)\n      at Parser.parseExpression [as parseStatementContent] (C:\\Users\\Soft\\OneDrive - Faculty Of Engineering (Tanta University)../../../../../../../../Documents/01_Github_Project/University/03_FarahStore/backend/node_modules/@babel/parser/src/parser/statement.ts:688:23)\n      at Parser.parseStatementContent [as parseStatementLike] (C:\\Users\\Soft\\OneDrive - Faculty Of Engineering (Tanta University)../../../../../../../../Documents/01_Github_Project/University/03_FarahStore/backend/node_modules/@babel/parser/src/parser/statement.ts:482:17)\n      at Parser.parseStatementLike [as parseModuleItem] (C:\\Users\\Soft\\OneDrive - Faculty Of Engineering (Tanta University)../../../../../../../../Documents/01_Github_Project/University/03_FarahStore/backend/node_modules/@babel/parser/src/parser/statement.ts:419:17)\n      at Parser.parseModuleItem [as parseBlockOrModuleBlockBody] (C:\\Users\\Soft\\OneDrive - Faculty Of Engineering (Tanta University)../../../../../../../../Documents/01_Github_Project/University/03_FarahStore/backend/node_modules/@babel/parser/src/parser/statement.ts:1443:16)\n      at Parser.parseBlockOrModuleBlockBody [as parseBlockBody] (C:\\Users\\Soft\\OneDrive - Faculty Of Engineering (Tanta University)../../../../../../../../Documents/01_Github_Project/University/03_FarahStore/backend/node_modules/@babel/parser/src/parser/statement.ts:1417:10)\n      at Parser.parseBlockBody [as parseProgram] (C:\\Users\\Soft\\OneDrive - Faculty Of Engineering (Tanta University)../../../../../../../../Documents/01_Github_Project/University/03_FarahStore/backend/node_modules/@babel/parser/src/parser/statement.ts:229:10)\n      at Parser.parseProgram [as parseTopLevel] (C:\\Users\\Soft\\OneDrive - Faculty Of Engineering (Tanta University)../../../../../../../../Documents/01_Github_Project/University/03_FarahStore/backend/node_modules/@babel/parser/src/parser/statement.ts:203:25)\n      at Parser.parseTopLevel [as parse] (C:\\Users\\Soft\\OneDrive - Faculty Of Engineering (Tanta University)../../../../../../../../Documents/01_Github_Project/University/03_FarahStore/backend/node_modules/@babel/parser/src/parser/index.ts:83:25)\n","name":"C:\\Users\\Soft\\OneDrive - Faculty Of Engineering (Tanta University)\\Documents\\01_Github_Project\\University\\03_FarahStore\\backend\\tests\\dashboard.test.js","startTime":1782674042910,"status":"failed","summary":""},{"assertionResults":[],"coverage":{},"endTime":1782674042911,"message":"  ● Test suite failed to run\n\n    Jest encountered an unexpected token\n\n    Jest failed to parse a file. This happens e.g. when your code or its dependencies use non-standard JavaScript syntax, or when Jest is not configured to support such syntax.\n\n    Out of the box Jest supports Babel, which will be used to transform your files into valid JS based on your Babel configuration.\n\n    By default \"node_modules\" folder is ignored by transformers.\n\n    Here's what you can do:\n     • If you are trying to use ECMAScript Modules, see https://jestjs.io/docs/ecmascript-modules for how to enable it.\n     • If you are trying to use TypeScript, see https://jestjs.io/docs/getting-started#using-typescript\n     • To have some of your \"node_modules\" files transformed, you can specify a custom \"transformIgnorePatterns\" in your config.\n     • If you need a custom transformation, specify a \"transform\" option in your config.\n     • If you simply want to mock your non-JS modules (e.g. binary assets) you can stub them out with the \"moduleNameMapper\" config option.\n\n    You'll find more details and examples of these config options in the docs:\n    https://jestjs.io/docs/configuration\n    For information about custom transformations, see:\n    https://jestjs.io/docs/code-transformation\n\n    Details:\n\n    SyntaxError: C:\\Users\\Soft\\OneDrive - Faculty Of Engineering (Tanta University)\\Documents\\01_Github_Project\\University\\03_FarahStore\\backend\\tests\\customers.test.js: Unexpected token (49:4)\n\n    \u001b[0m \u001b[90m 47 |\u001b[39m       expect(res\u001b[33m.\u001b[39mstatus)\u001b[33m.\u001b[39mtoBe(\u001b[35m400\u001b[39m)\u001b[33m;\u001b[39m\n     \u001b[90m 48 |\u001b[39m       expect(res\u001b[33m.\u001b[39mbody\u001b[33m.\u001b[39merror_code)\u001b[33m.\u001b[39mtoBe(\u001b[32m'LINKED_RECORDS_EXIST'\u001b[39m)\u001b[33m;\u001b[39m\n    \u001b[31m\u001b[1m>\u001b[22m\u001b[39m\u001b[90m 49 |\u001b[39m     })\u001b[33m;\u001b[39m\n     \u001b[90m    |\u001b[39m     \u001b[31m\u001b[1m^\u001b[22m\u001b[39m\n     \u001b[90m 50 |\u001b[39m   })\u001b[33m;\u001b[39m\n     \u001b[90m 51 |\u001b[39m })\u001b[33m;\u001b[39m\n     \u001b[90m 52 |\u001b[39m\u001b[0m\n\n      at constructor (C:\\Users\\Soft\\OneDrive - Faculty Of Engineering (Tanta University)../../../../../../../../Documents/01_Github_Project/University/03_FarahStore/backend/node_modules/@babel/parser/src/parse-error.ts:95:45)\n      at Parser.toParseError [as raise] (C:\\Users\\Soft\\OneDrive - Faculty Of Engineering (Tanta University)../../../../../../../../Documents/01_Github_Project/University/03_FarahStore/backend/node_modules/@babel/parser/src/tokenizer/index.ts:1504:19)\n      at Parser.raise [as unexpected] (C:\\Users\\Soft\\OneDrive - Faculty Of Engineering (Tanta University)../../../../../../../../Documents/01_Github_Project/University/03_FarahStore/backend/node_modules/@babel/parser/src/tokenizer/index.ts:1544:16)\n      at Parser.unexpected [as parseExprAtom] (C:\\Users\\Soft\\OneDrive - Faculty Of Engineering (Tanta University)../../../../../../../../Documents/01_Github_Project/University/03_FarahStore/backend/node_modules/@babel/parser/src/parser/expression.ts:1358:22)\n      at Parser.parseExprAtom [as parseExprSubscripts] (C:\\Users\\Soft\\OneDrive - Faculty Of Engineering (Tanta University)../../../../../../../../Documents/01_Github_Project/University/03_FarahStore/backend/node_modules/@babel/parser/src/parser/expression.ts:742:23)\n      at Parser.parseExprSubscripts [as parseUpdate] (C:\\Users\\Soft\\OneDrive - Faculty Of Engineering (Tanta University)../../../../../../../../Documents/01_Github_Project/University/03_FarahStore/backend/node_modules/@babel/parser/src/parser/expression.ts:721:21)\n      at Parser.parseUpdate [as parseMaybeUnary] (C:\\Users\\Soft\\OneDrive - Faculty Of Engineering (Tanta University)../../../../../../../../Documents/01_Github_Project/University/03_FarahStore/backend/node_modules/@babel/parser/src/parser/expression.ts:683:23)\n      at Parser.parseMaybeUnary [as parseMaybeUnaryOrPrivate] (C:\\Users\\Soft\\OneDrive - Faculty Of Engineering (Tanta University)../../../../../../../../Documents/01_Github_Project/University/03_FarahStore/backend/node_modules/@babel/parser/src/parser/expression.ts:417:14)\n      at Parser.parseMaybeUnaryOrPrivate [as parseExprOps] (C:\\Users\\Soft\\OneDrive - Faculty Of Engineering (Tanta University)../../../../../../../../Documents/01_Github_Project/University/03_FarahStore/backend/node_modules/@babel/parser/src/parser/expression.ts:429:23)\n      at Parser.parseExprOps [as parseMaybeConditional] (C:\\Users\\Soft\\OneDrive - Faculty Of Engineering (Tanta University)../../../../../../../../Documents/01_Github_Project/University/03_FarahStore/backend/node_modules/@babel/parser/src/parser/expression.ts:384:23)\n      at Parser.parseMaybeConditional [as parseMaybeAssign] (C:\\Users\\Soft\\OneDrive - Faculty Of Engineering (Tanta University)../../../../../../../../Documents/01_Github_Project/University/03_FarahStore/backend/node_modules/@babel/parser/src/parser/expression.ts:301:21)\n      at Parser.parseMaybeAssign [as parseExpressionBase] (C:\\Users\\Soft\\OneDrive - Faculty Of Engineering (Tanta University)../../../../../../../../Documents/01_Github_Project/University/03_FarahStore/backend/node_modules/@babel/parser/src/parser/expression.ts:226:23)\n      at parseExpressionBase (C:\\Users\\Soft\\OneDrive - Faculty Of Engineering (Tanta University)../../../../../../../../Documents/01_Github_Project/University/03_FarahStore/backend/node_modules/@babel/parser/src/parser/expression.ts:217:39)\n      at Parser.callback [as allowInAnd] (C:\\Users\\Soft\\OneDrive - Faculty Of Engineering (Tanta University)../../../../../../../../Documents/01_Github_Project/University/03_FarahStore/backend/node_modules/@babel/parser/src/parser/expression.ts:3192:16)\n      at Parser.allowInAnd [as parseExpression] (C:\\Users\\Soft\\OneDrive - Faculty Of Engineering (Tanta University)../../../../../../../../Documents/01_Github_Project/University/03_FarahStore/backend/node_modules/@babel/parser/src/parser/expression.ts:217:17)\n      at Parser.parseExpression [as parseStatementContent] (C:\\Users\\Soft\\OneDrive - Faculty Of Engineering (Tanta University)../../../../../../../../Documents/01_Github_Project/University/03_FarahStore/backend/node_modules/@babel/parser/src/parser/statement.ts:688:23)\n      at Parser.parseStatementContent [as parseStatementLike] (C:\\Users\\Soft\\OneDrive - Faculty Of Engineering (Tanta University)../../../../../../../../Documents/01_Github_Project/University/03_FarahStore/backend/node_modules/@babel/parser/src/parser/statement.ts:482:17)\n      at Parser.parseStatementLike [as parseModuleItem] (C:\\Users\\Soft\\OneDrive - Faculty Of Engineering (Tanta University)../../../../../../../../Documents/01_Github_Project/University/03_FarahStore/backend/node_modules/@babel/parser/src/parser/statement.ts:419:17)\n      at Parser.parseModuleItem [as parseBlockOrModuleBlockBody] (C:\\Users\\Soft\\OneDrive - Faculty Of Engineering (Tanta University)../../../../../../../../Documents/01_Github_Project/University/03_FarahStore/backend/node_modules/@babel/parser/src/parser/statement.ts:1443:16)\n      at Parser.parseBlockOrModuleBlockBody [as parseBlockBody] (C:\\Users\\Soft\\OneDrive - Faculty Of Engineering (Tanta University)../../../../../../../../Documents/01_Github_Project/University/03_FarahStore/backend/node_modules/@babel/parser/src/parser/statement.ts:1417:10)\n      at Parser.parseBlockBody [as parseProgram] (C:\\Users\\Soft\\OneDrive - Faculty Of Engineering (Tanta University)../../../../../../../../Documents/01_Github_Project/University/03_FarahStore/backend/node_modules/@babel/parser/src/parser/statement.ts:229:10)\n      at Parser.parseProgram [as parseTopLevel] (C:\\Users\\Soft\\OneDrive - Faculty Of Engineering (Tanta University)../../../../../../../../Documents/01_Github_Project/University/03_FarahStore/backend/node_modules/@babel/parser/src/parser/statement.ts:203:25)\n      at Parser.parseTopLevel [as parse] (C:\\Users\\Soft\\OneDrive - Faculty Of Engineering (Tanta University)../../../../../../../../Documents/01_Github_Project/University/03_FarahStore/backend/node_modules/@babel/parser/src/parser/index.ts:83:25)\n      at parse (C:\\Users\\Soft\\OneDrive - Faculty Of Engineering (Tanta University)../../../../../../../../Documents/01_Github_Project/University/03_FarahStore/backend/node_modules/@babel/parser/src/index.ts:86:38)\n      at parser (C:\\Users\\Soft\\OneDrive - Faculty Of Engineering (Tanta University)../../../../../../../../Documents/01_Github_Project/University/03_FarahStore/backend/node_modules/@babel/core/src/parser/index.ts:29:19)\n          at parser.next (<anonymous>)\n      at normalizeFile (C:\\Users\\Soft\\OneDrive - Faculty Of Engineering (Tanta University)../../../../../../../../Documents/01_Github_Project/University/03_FarahStore/backend/node_modules/@babel/core/src/transformation/normalize-file.ts:49:24)\n          at normalizeFile.next (<anonymous>)\n      at run (C:\\Users\\Soft\\OneDrive - Faculty Of Engineering (Tanta University)../../../../../../../../Documents/01_Github_Project/University/03_FarahStore/backend/node_modules/@babel/core/src/transformation/index.ts:41:36)\n          at run.next (<anonymous>)\n      at transform (C:\\Users\\Soft\\OneDrive - Faculty Of Engineering (Tanta University)../../../../../../../../Documents/01_Github_Project/University/03_FarahStore/backend/node_modules/@babel/core/src/transform.ts:29:20)\n          at transform.next (<anonymous>)\n      at evaluateSync (C:\\Users\\Soft\\OneDrive - Faculty Of Engineering (Tanta University)../../../../../../../../Documents/01_Github_Project/University/03_FarahStore/backend/node_modules/gensync/index.js:251:28)\n      at sync (C:\\Users\\Soft\\OneDrive - Faculty Of Engineering (Tanta University)../../../../../../../../Documents/01_Github_Project/University/03_FarahStore/backend/node_modules/gensync/index.js:89:14)\n      at fn (C:\\Users\\Soft\\OneDrive - Faculty Of Engineering (Tanta University)../../../../../../../../Documents/01_Github_Project/University/03_FarahStore/backend/node_modules/@babel/core/src/errors/rewrite-stack-trace.ts:99:14)\n      at transformSync (C:\\Users\\Soft\\OneDrive - Faculty Of Engineering (Tanta University)../../../../../../../../Documents/01_Github_Project/University/03_FarahStore/backend/node_modules/@babel/core/src/transform.ts:66:52)\n      at ScriptTransformer.transformSource (C:\\Users\\Soft\\OneDrive - Faculty Of Engineering (Tanta University)../../../../../../../../Documents/01_Github_Project/University/03_FarahStore/backend/node_modules/@jest/transform/build/index.js:415:31)\n      at ScriptTransformer._transformAndBuildScript (C:\\Users\\Soft\\OneDrive - Faculty Of Engineering (Tanta University)../../../../../../../../Documents/01_Github_Project/University/03_FarahStore/backend/node_modules/@jest/transform/build/index.js:512:40)\n      at ScriptTransformer.transform (C:\\Users\\Soft\\OneDrive - Faculty Of Engineering (Tanta University)../../../../../../../../Documents/01_Github_Project/University/03_FarahStore/backend/node_modules/@jest/transform/build/index.js:551:19)\n","name":"C:\\Users\\Soft\\OneDrive - Faculty Of Engineering (Tanta University)\\Documents\\01_Github_Project\\University\\03_FarahStore\\backend\\tests\\customers.test.js","startTime":1782674042911,"status":"failed","summary":""},{"assertionResults":[{"ancestorTitles":["POS UI Logic Tests (orders.js)"],"duration":81,"failing":false,"failureDetails":[],"failureMessages":[],"fullName":"POS UI Logic Tests (orders.js) normalizeArabic unifies Arabic letters (Hamza, Taa Marbuta, Alef Maksura)","invocations":1,"location":null,"numPassingAsserts":4,"retryReasons":[],"startAt":1782674042604,"status":"passed","title":"normalizeArabic unifies Arabic letters (Hamza, Taa Marbuta, Alef Maksura)"},{"ancestorTitles":["POS UI Logic Tests (orders.js)"],"duration":52,"failing":false,"failureDetails":[],"failureMessages":[],"fullName":"POS UI Logic Tests (orders.js) loadCustomers fetches and caches customers","invocations":1,"location":null,"numPassingAsserts":2,"retryReasons":[],"startAt":1782674042686,"status":"passed","title":"loadCustomers fetches and caches customers"},{"ancestorTitles":["POS UI Logic Tests (orders.js)"],"duration":30,"failing":false,"failureDetails":[],"failureMessages":[],"fullName":"POS UI Logic Tests (orders.js) selectCustomer correctly selects and deselects","invocations":1,"location":null,"numPassingAsserts":3,"retryReasons":[],"startAt":1782674042738,"status":"passed","title":"selectCustomer correctly selects and deselects"},{"ancestorTitles":["POS UI Logic Tests (orders.js)"],"duration":19,"failing":false,"failureDetails":[],"failureMessages":[],"fullName":"POS UI Logic Tests (orders.js) Recent Customers are properly stored in localStorage","invocations":1,"location":null,"numPassingAsserts":2,"retryReasons":[],"startAt":1782674042768,"status":"passed","title":"Recent Customers are properly stored in localStorage"},{"ancestorTitles":["POS UI Logic Tests (orders.js)"],"duration":31,"failing":false,"failureDetails":[],"failureMessages":[],"fullName":"POS UI Logic Tests (orders.js) DOM min attribute is set correctly on load for installment date","invocations":1,"location":null,"numPassingAsserts":1,"retryReasons":[],"startAt":1782674042787,"status":"passed","title":"DOM min attribute is set correctly on load for installment date"},{"ancestorTitles":["POS UI Logic Tests (orders.js)"],"duration":32,"failing":false,"failureDetails":[],"failureMessages":[],"fullName":"POS UI Logic Tests (orders.js) handleCheckout prevents selecting a past date for installments","invocations":1,"location":null,"numPassingAsserts":1,"retryReasons":[],"startAt":1782674042818,"status":"passed","title":"handleCheckout prevents selecting a past date for installments"}],"endTime":1782674042851,"message":"","name":"C:\\Users\\Soft\\OneDrive - Faculty Of Engineering (Tanta University)\\Documents\\01_Github_Project\\University\\03_FarahStore\\backend\\tests\\pos_ui.test.js","startTime":1782674042420,"status":"passed","summary":""}],"wasInterrupted":false}
